\BOOKMARK [0][-]{chapter.1}{Position du probl\350me}{}% 1
\BOOKMARK [1][-]{subsection.1.0.1}{dispositif exp\351rimental}{chapter.1}% 2
\BOOKMARK [2][-]{subsection.1.0.2}{hypoth\350ses de mod\351lisation}{subsection.1.0.1}% 3
\BOOKMARK [0][-]{chapter.2}{\311quations de Navier Stokes}{}% 4
\BOOKMARK [1][-]{subsection.2.0.1}{\311quations de Stokes}{chapter.2}% 5
\BOOKMARK [2][-]{subsection.2.0.2}{Adimensionnement de l'\351quation de Stokes}{subsection.2.0.1}% 6
\BOOKMARK [2][-]{subsection.2.0.3}{Formulation variationnelle}{subsection.2.0.1}% 7
\BOOKMARK [0][-]{chapter.3}{Mod\351lisation du champ Magn\351tique de l'aimant}{}% 8
\BOOKMARK [1][-]{section.3.1}{Mise en forme du probl\350me}{chapter.3}% 9
\BOOKMARK [1][-]{section.3.2}{M\351thode des \351l\351ments finis}{chapter.3}% 10
\BOOKMARK [2][-]{subsection.3.2.1}{Le maillage}{section.3.2}% 11
\BOOKMARK [2][-]{subsection.3.2.2}{Mise en \351quation}{section.3.2}% 12
\BOOKMARK [2][-]{subsection.3.2.3}{Passage \340 un \351l\351ment de r\351f\351rence}{section.3.2}% 13
\BOOKMARK [2][-]{subsection.3.2.4}{Calcul du Gradient}{section.3.2}% 14
\BOOKMARK [2][-]{subsection.3.2.5}{Impl\351mentation algorithmique}{section.3.2}% 15
\BOOKMARK [0][-]{chapter.4}{Application au probl\350me de Navier-Stokes 3D}{}% 16
\BOOKMARK [1][-]{subsection.4.0.1}{Impl\351mentation algorithmique}{chapter.4}% 17
\BOOKMARK [2][-]{subsection.4.0.2}{Calcul intrins\350que du champ de vitesse}{subsection.4.0.1}% 18
\BOOKMARK [2][-]{subsection.4.0.3}{Impl\351mentation algorithmique}{subsection.4.0.1}% 19
\BOOKMARK [0][-]{appendix.A}{Calcul de la matrice de rigidit\351}{}% 20
