\BOOKMARK [0][-]{chapter.1}{Position du probl\350me}{}% 1
\BOOKMARK [1][-]{subsection.1.0.1}{D\351finition de l'advection chaotique}{chapter.1}% 2
\BOOKMARK [2][-]{subsection.1.0.2}{dispositif exp\351rimental}{subsection.1.0.1}% 3
\BOOKMARK [2][-]{subsection.1.0.3}{hypoth\350ses de mod\351lisation}{subsection.1.0.1}% 4
\BOOKMARK [0][-]{chapter.2}{Mod\351lisation du champ Magn\351tique de l'aimant}{}% 5
\BOOKMARK [1][-]{section.2.1}{Mise en forme du probl\350me}{chapter.2}% 6
\BOOKMARK [1][-]{section.2.2}{M\351thode des \351l\351ments finis}{chapter.2}% 7
\BOOKMARK [2][-]{subsection.2.2.1}{Le maillage}{section.2.2}% 8
\BOOKMARK [2][-]{subsection.2.2.2}{Mise en \351quation}{section.2.2}% 9
\BOOKMARK [2][-]{subsection.2.2.3}{Passage \340 un \351l\351ment de r\351f\351rence}{section.2.2}% 10
\BOOKMARK [2][-]{subsection.2.2.4}{Calcul du Gradient}{section.2.2}% 11
\BOOKMARK [2][-]{subsection.2.2.5}{Impl\351mentation algorithmique}{section.2.2}% 12
\BOOKMARK [2][-]{subsection.2.2.6}{R\351sultats de la simulation}{section.2.2}% 13
\BOOKMARK [0][-]{chapter.3}{\311quations de Navier Stokes}{}% 14
\BOOKMARK [1][-]{subsection.3.0.1}{\311quations de Stokes}{chapter.3}% 15
\BOOKMARK [2][-]{subsection.3.0.2}{Adimensionnement de l'\351quation de Stokes}{subsection.3.0.1}% 16
\BOOKMARK [2][-]{subsection.3.0.3}{Formulation variationnelle}{subsection.3.0.1}% 17
\BOOKMARK [2][-]{subsection.3.0.4}{Principe de superposition}{subsection.3.0.1}% 18
\BOOKMARK [2][-]{subsection.3.0.5}{Impl\351mentation algorithmique}{subsection.3.0.1}% 19
\BOOKMARK [2][-]{subsection.3.0.6}{Calcul des matrices du syst\350me lin\351aire en trois dimensions}{subsection.3.0.1}% 20
\BOOKMARK [2][-]{subsection.3.0.7}{Raccordement \340 la mod\351lisation du champ magn\351tique}{subsection.3.0.1}% 21
\BOOKMARK [2][-]{subsection.3.0.8}{R\351sultats}{subsection.3.0.1}% 22
\BOOKMARK [2][-]{subsection.3.0.9}{Les sections de Poincar\351}{subsection.3.0.1}% 23
\BOOKMARK [2][-]{subsection.3.0.10}{A la recherche d'un \351coulement chaotique}{subsection.3.0.1}% 24
\BOOKMARK [0][-]{appendix.A}{Calcul de la matrice de rigidit\351}{}% 25
\BOOKMARK [0][-]{appendix.B}{Codes Matlab}{}% 26
\BOOKMARK [1][-]{subsection.B.0.1}{Mod\351lisation du champ magn\351tique}{appendix.B}% 27
\BOOKMARK [2][-]{subsection.B.0.2}{R\351solution des Equations de Navier Stokes}{subsection.B.0.1}% 28
