This is pdfTeX, Version 3.14159265-2.6-1.40.18 (MiKTeX 2.9.6500 64-bit) (preloaded format=pdflatex 2017.11.26)  13 JUN 2018 14:52
entering extended mode
**"./Rapport _projet-2A.tex"
("Rapport _projet-2A.tex"
LaTeX2e <2017-04-15>
Babel <3.15> and hyphenation patterns for 75 language(s) loaded.
("C:\Program Files\MiKTeX 2.9\tex\latex\base\report.cls"
Document Class: report 2014/09/29 v1.4h Standard LaTeX document class
("C:\Program Files\MiKTeX 2.9\tex\latex\base\size12.clo"
File: size12.clo 2014/09/29 v1.4h Standard LaTeX file (size option)
)
\c@part=\count79
\c@chapter=\count80
\c@section=\count81
\c@subsection=\count82
\c@subsubsection=\count83
\c@paragraph=\count84
\c@subparagraph=\count85
\c@figure=\count86
\c@table=\count87
\abovecaptionskip=\skip41
\belowcaptionskip=\skip42
\bibindent=\dimen102
)
("C:\Program Files\MiKTeX 2.9\tex\latex\base\inputenc.sty"
Package: inputenc 2015/03/17 v1.2c Input encoding file
\inpenc@prehook=\toks14
\inpenc@posthook=\toks15

("C:\Program Files\MiKTeX 2.9\tex\latex\base\utf8.def"
File: utf8.def 2017/01/28 v1.1t UTF-8 support for inputenc
Now handling font encoding OML ...
... no UTF-8 mapping file for font encoding OML
Now handling font encoding T1 ...
... processing UTF-8 mapping file for font encoding T1

("C:\Program Files\MiKTeX 2.9\tex\latex\base\t1enc.dfu"
File: t1enc.dfu 2017/01/28 v1.1t UTF-8 support for inputenc
   defining Unicode char U+00A0 (decimal 160)
   defining Unicode char U+00A1 (decimal 161)
   defining Unicode char U+00A3 (decimal 163)
   defining Unicode char U+00AB (decimal 171)
   defining Unicode char U+00AD (decimal 173)
   defining Unicode char U+00BB (decimal 187)
   defining Unicode char U+00BF (decimal 191)
   defining Unicode char U+00C0 (decimal 192)
   defining Unicode char U+00C1 (decimal 193)
   defining Unicode char U+00C2 (decimal 194)
   defining Unicode char U+00C3 (decimal 195)
   defining Unicode char U+00C4 (decimal 196)
   defining Unicode char U+00C5 (decimal 197)
   defining Unicode char U+00C6 (decimal 198)
   defining Unicode char U+00C7 (decimal 199)
   defining Unicode char U+00C8 (decimal 200)
   defining Unicode char U+00C9 (decimal 201)
   defining Unicode char U+00CA (decimal 202)
   defining Unicode char U+00CB (decimal 203)
   defining Unicode char U+00CC (decimal 204)
   defining Unicode char U+00CD (decimal 205)
   defining Unicode char U+00CE (decimal 206)
   defining Unicode char U+00CF (decimal 207)
   defining Unicode char U+00D0 (decimal 208)
   defining Unicode char U+00D1 (decimal 209)
   defining Unicode char U+00D2 (decimal 210)
   defining Unicode char U+00D3 (decimal 211)
   defining Unicode char U+00D4 (decimal 212)
   defining Unicode char U+00D5 (decimal 213)
   defining Unicode char U+00D6 (decimal 214)
   defining Unicode char U+00D8 (decimal 216)
   defining Unicode char U+00D9 (decimal 217)
   defining Unicode char U+00DA (decimal 218)
   defining Unicode char U+00DB (decimal 219)
   defining Unicode char U+00DC (decimal 220)
   defining Unicode char U+00DD (decimal 221)
   defining Unicode char U+00DE (decimal 222)
   defining Unicode char U+00DF (decimal 223)
   defining Unicode char U+00E0 (decimal 224)
   defining Unicode char U+00E1 (decimal 225)
   defining Unicode char U+00E2 (decimal 226)
   defining Unicode char U+00E3 (decimal 227)
   defining Unicode char U+00E4 (decimal 228)
   defining Unicode char U+00E5 (decimal 229)
   defining Unicode char U+00E6 (decimal 230)
   defining Unicode char U+00E7 (decimal 231)
   defining Unicode char U+00E8 (decimal 232)
   defining Unicode char U+00E9 (decimal 233)
   defining Unicode char U+00EA (decimal 234)
   defining Unicode char U+00EB (decimal 235)
   defining Unicode char U+00EC (decimal 236)
   defining Unicode char U+00ED (decimal 237)
   defining Unicode char U+00EE (decimal 238)
   defining Unicode char U+00EF (decimal 239)
   defining Unicode char U+00F0 (decimal 240)
   defining Unicode char U+00F1 (decimal 241)
   defining Unicode char U+00F2 (decimal 242)
   defining Unicode char U+00F3 (decimal 243)
   defining Unicode char U+00F4 (decimal 244)
   defining Unicode char U+00F5 (decimal 245)
   defining Unicode char U+00F6 (decimal 246)
   defining Unicode char U+00F8 (decimal 248)
   defining Unicode char U+00F9 (decimal 249)
   defining Unicode char U+00FA (decimal 250)
   defining Unicode char U+00FB (decimal 251)
   defining Unicode char U+00FC (decimal 252)
   defining Unicode char U+00FD (decimal 253)
   defining Unicode char U+00FE (decimal 254)
   defining Unicode char U+00FF (decimal 255)
   defining Unicode char U+0100 (decimal 256)
   defining Unicode char U+0101 (decimal 257)
   defining Unicode char U+0102 (decimal 258)
   defining Unicode char U+0103 (decimal 259)
   defining Unicode char U+0104 (decimal 260)
   defining Unicode char U+0105 (decimal 261)
   defining Unicode char U+0106 (decimal 262)
   defining Unicode char U+0107 (decimal 263)
   defining Unicode char U+0108 (decimal 264)
   defining Unicode char U+0109 (decimal 265)
   defining Unicode char U+010A (decimal 266)
   defining Unicode char U+010B (decimal 267)
   defining Unicode char U+010C (decimal 268)
   defining Unicode char U+010D (decimal 269)
   defining Unicode char U+010E (decimal 270)
   defining Unicode char U+010F (decimal 271)
   defining Unicode char U+0110 (decimal 272)
   defining Unicode char U+0111 (decimal 273)
   defining Unicode char U+0112 (decimal 274)
   defining Unicode char U+0113 (decimal 275)
   defining Unicode char U+0114 (decimal 276)
   defining Unicode char U+0115 (decimal 277)
   defining Unicode char U+0116 (decimal 278)
   defining Unicode char U+0117 (decimal 279)
   defining Unicode char U+0118 (decimal 280)
   defining Unicode char U+0119 (decimal 281)
   defining Unicode char U+011A (decimal 282)
   defining Unicode char U+011B (decimal 283)
   defining Unicode char U+011C (decimal 284)
   defining Unicode char U+011D (decimal 285)
   defining Unicode char U+011E (decimal 286)
   defining Unicode char U+011F (decimal 287)
   defining Unicode char U+0120 (decimal 288)
   defining Unicode char U+0121 (decimal 289)
   defining Unicode char U+0122 (decimal 290)
   defining Unicode char U+0123 (decimal 291)
   defining Unicode char U+0124 (decimal 292)
   defining Unicode char U+0125 (decimal 293)
   defining Unicode char U+0128 (decimal 296)
   defining Unicode char U+0129 (decimal 297)
   defining Unicode char U+012A (decimal 298)
   defining Unicode char U+012B (decimal 299)
   defining Unicode char U+012C (decimal 300)
   defining Unicode char U+012D (decimal 301)
   defining Unicode char U+012E (decimal 302)
   defining Unicode char U+012F (decimal 303)
   defining Unicode char U+0130 (decimal 304)
   defining Unicode char U+0131 (decimal 305)
   defining Unicode char U+0132 (decimal 306)
   defining Unicode char U+0133 (decimal 307)
   defining Unicode char U+0134 (decimal 308)
   defining Unicode char U+0135 (decimal 309)
   defining Unicode char U+0136 (decimal 310)
   defining Unicode char U+0137 (decimal 311)
   defining Unicode char U+0139 (decimal 313)
   defining Unicode char U+013A (decimal 314)
   defining Unicode char U+013B (decimal 315)
   defining Unicode char U+013C (decimal 316)
   defining Unicode char U+013D (decimal 317)
   defining Unicode char U+013E (decimal 318)
   defining Unicode char U+0141 (decimal 321)
   defining Unicode char U+0142 (decimal 322)
   defining Unicode char U+0143 (decimal 323)
   defining Unicode char U+0144 (decimal 324)
   defining Unicode char U+0145 (decimal 325)
   defining Unicode char U+0146 (decimal 326)
   defining Unicode char U+0147 (decimal 327)
   defining Unicode char U+0148 (decimal 328)
   defining Unicode char U+014A (decimal 330)
   defining Unicode char U+014B (decimal 331)
   defining Unicode char U+014C (decimal 332)
   defining Unicode char U+014D (decimal 333)
   defining Unicode char U+014E (decimal 334)
   defining Unicode char U+014F (decimal 335)
   defining Unicode char U+0150 (decimal 336)
   defining Unicode char U+0151 (decimal 337)
   defining Unicode char U+0152 (decimal 338)
   defining Unicode char U+0153 (decimal 339)
   defining Unicode char U+0154 (decimal 340)
   defining Unicode char U+0155 (decimal 341)
   defining Unicode char U+0156 (decimal 342)
   defining Unicode char U+0157 (decimal 343)
   defining Unicode char U+0158 (decimal 344)
   defining Unicode char U+0159 (decimal 345)
   defining Unicode char U+015A (decimal 346)
   defining Unicode char U+015B (decimal 347)
   defining Unicode char U+015C (decimal 348)
   defining Unicode char U+015D (decimal 349)
   defining Unicode char U+015E (decimal 350)
   defining Unicode char U+015F (decimal 351)
   defining Unicode char U+0160 (decimal 352)
   defining Unicode char U+0161 (decimal 353)
   defining Unicode char U+0162 (decimal 354)
   defining Unicode char U+0163 (decimal 355)
   defining Unicode char U+0164 (decimal 356)
   defining Unicode char U+0165 (decimal 357)
   defining Unicode char U+0168 (decimal 360)
   defining Unicode char U+0169 (decimal 361)
   defining Unicode char U+016A (decimal 362)
   defining Unicode char U+016B (decimal 363)
   defining Unicode char U+016C (decimal 364)
   defining Unicode char U+016D (decimal 365)
   defining Unicode char U+016E (decimal 366)
   defining Unicode char U+016F (decimal 367)
   defining Unicode char U+0170 (decimal 368)
   defining Unicode char U+0171 (decimal 369)
   defining Unicode char U+0172 (decimal 370)
   defining Unicode char U+0173 (decimal 371)
   defining Unicode char U+0174 (decimal 372)
   defining Unicode char U+0175 (decimal 373)
   defining Unicode char U+0176 (decimal 374)
   defining Unicode char U+0177 (decimal 375)
   defining Unicode char U+0178 (decimal 376)
   defining Unicode char U+0179 (decimal 377)
   defining Unicode char U+017A (decimal 378)
   defining Unicode char U+017B (decimal 379)
   defining Unicode char U+017C (decimal 380)
   defining Unicode char U+017D (decimal 381)
   defining Unicode char U+017E (decimal 382)
   defining Unicode char U+01CD (decimal 461)
   defining Unicode char U+01CE (decimal 462)
   defining Unicode char U+01CF (decimal 463)
   defining Unicode char U+01D0 (decimal 464)
   defining Unicode char U+01D1 (decimal 465)
   defining Unicode char U+01D2 (decimal 466)
   defining Unicode char U+01D3 (decimal 467)
   defining Unicode char U+01D4 (decimal 468)
   defining Unicode char U+01E2 (decimal 482)
   defining Unicode char U+01E3 (decimal 483)
   defining Unicode char U+01E6 (decimal 486)
   defining Unicode char U+01E7 (decimal 487)
   defining Unicode char U+01E8 (decimal 488)
   defining Unicode char U+01E9 (decimal 489)
   defining Unicode char U+01EA (decimal 490)
   defining Unicode char U+01EB (decimal 491)
   defining Unicode char U+01F0 (decimal 496)
   defining Unicode char U+01F4 (decimal 500)
   defining Unicode char U+01F5 (decimal 501)
   defining Unicode char U+0218 (decimal 536)
   defining Unicode char U+0219 (decimal 537)
   defining Unicode char U+021A (decimal 538)
   defining Unicode char U+021B (decimal 539)
   defining Unicode char U+0232 (decimal 562)
   defining Unicode char U+0233 (decimal 563)
   defining Unicode char U+1E02 (decimal 7682)
   defining Unicode char U+1E03 (decimal 7683)
   defining Unicode char U+200C (decimal 8204)
   defining Unicode char U+2010 (decimal 8208)
   defining Unicode char U+2011 (decimal 8209)
   defining Unicode char U+2012 (decimal 8210)
   defining Unicode char U+2013 (decimal 8211)
   defining Unicode char U+2014 (decimal 8212)
   defining Unicode char U+2015 (decimal 8213)
   defining Unicode char U+2018 (decimal 8216)
   defining Unicode char U+2019 (decimal 8217)
   defining Unicode char U+201A (decimal 8218)
   defining Unicode char U+201C (decimal 8220)
   defining Unicode char U+201D (decimal 8221)
   defining Unicode char U+201E (decimal 8222)
   defining Unicode char U+2030 (decimal 8240)
   defining Unicode char U+2031 (decimal 8241)
   defining Unicode char U+2039 (decimal 8249)
   defining Unicode char U+203A (decimal 8250)
   defining Unicode char U+2423 (decimal 9251)
   defining Unicode char U+1E20 (decimal 7712)
   defining Unicode char U+1E21 (decimal 7713)
)
Now handling font encoding OT1 ...
... processing UTF-8 mapping file for font encoding OT1

("C:\Program Files\MiKTeX 2.9\tex\latex\base\ot1enc.dfu"
File: ot1enc.dfu 2017/01/28 v1.1t UTF-8 support for inputenc
   defining Unicode char U+00A0 (decimal 160)
   defining Unicode char U+00A1 (decimal 161)
   defining Unicode char U+00A3 (decimal 163)
   defining Unicode char U+00AD (decimal 173)
   defining Unicode char U+00B8 (decimal 184)
   defining Unicode char U+00BF (decimal 191)
   defining Unicode char U+00C5 (decimal 197)
   defining Unicode char U+00C6 (decimal 198)
   defining Unicode char U+00D8 (decimal 216)
   defining Unicode char U+00DF (decimal 223)
   defining Unicode char U+00E6 (decimal 230)
   defining Unicode char U+00EC (decimal 236)
   defining Unicode char U+00ED (decimal 237)
   defining Unicode char U+00EE (decimal 238)
   defining Unicode char U+00EF (decimal 239)
   defining Unicode char U+00F8 (decimal 248)
   defining Unicode char U+0131 (decimal 305)
   defining Unicode char U+0141 (decimal 321)
   defining Unicode char U+0142 (decimal 322)
   defining Unicode char U+0152 (decimal 338)
   defining Unicode char U+0153 (decimal 339)
   defining Unicode char U+0174 (decimal 372)
   defining Unicode char U+0175 (decimal 373)
   defining Unicode char U+0176 (decimal 374)
   defining Unicode char U+0177 (decimal 375)
   defining Unicode char U+0218 (decimal 536)
   defining Unicode char U+0219 (decimal 537)
   defining Unicode char U+021A (decimal 538)
   defining Unicode char U+021B (decimal 539)
   defining Unicode char U+2013 (decimal 8211)
   defining Unicode char U+2014 (decimal 8212)
   defining Unicode char U+2018 (decimal 8216)
   defining Unicode char U+2019 (decimal 8217)
   defining Unicode char U+201C (decimal 8220)
   defining Unicode char U+201D (decimal 8221)
)
Now handling font encoding OMS ...
... processing UTF-8 mapping file for font encoding OMS

("C:\Program Files\MiKTeX 2.9\tex\latex\base\omsenc.dfu"
File: omsenc.dfu 2017/01/28 v1.1t UTF-8 support for inputenc
   defining Unicode char U+00A7 (decimal 167)
   defining Unicode char U+00B6 (decimal 182)
   defining Unicode char U+00B7 (decimal 183)
   defining Unicode char U+2020 (decimal 8224)
   defining Unicode char U+2021 (decimal 8225)
   defining Unicode char U+2022 (decimal 8226)
)
Now handling font encoding OMX ...
... no UTF-8 mapping file for font encoding OMX
Now handling font encoding U ...
... no UTF-8 mapping file for font encoding U
   defining Unicode char U+00A9 (decimal 169)
   defining Unicode char U+00AA (decimal 170)
   defining Unicode char U+00AE (decimal 174)
   defining Unicode char U+00BA (decimal 186)
   defining Unicode char U+02C6 (decimal 710)
   defining Unicode char U+02DC (decimal 732)
   defining Unicode char U+200C (decimal 8204)
   defining Unicode char U+2026 (decimal 8230)
   defining Unicode char U+2122 (decimal 8482)
   defining Unicode char U+2423 (decimal 9251)
))
("C:\Program Files\MiKTeX 2.9\tex\latex\base\fontenc.sty"
Package: fontenc 2017/04/05 v2.0i Standard LaTeX package

("C:\Program Files\MiKTeX 2.9\tex\latex\base\t1enc.def"
File: t1enc.def 2017/04/05 v2.0i Standard LaTeX file
LaTeX Font Info:    Redeclaring font encoding T1 on input line 48.
))
("C:\Program Files\MiKTeX 2.9\tex\latex\lm\lmodern.sty"
Package: lmodern 2009/10/30 v1.6 Latin Modern Fonts
LaTeX Font Info:    Overwriting symbol font `operators' in version `normal'
(Font)                  OT1/cmr/m/n --> OT1/lmr/m/n on input line 22.
LaTeX Font Info:    Overwriting symbol font `letters' in version `normal'
(Font)                  OML/cmm/m/it --> OML/lmm/m/it on input line 23.
LaTeX Font Info:    Overwriting symbol font `symbols' in version `normal'
(Font)                  OMS/cmsy/m/n --> OMS/lmsy/m/n on input line 24.
LaTeX Font Info:    Overwriting symbol font `largesymbols' in version `normal'
(Font)                  OMX/cmex/m/n --> OMX/lmex/m/n on input line 25.
LaTeX Font Info:    Overwriting symbol font `operators' in version `bold'
(Font)                  OT1/cmr/bx/n --> OT1/lmr/bx/n on input line 26.
LaTeX Font Info:    Overwriting symbol font `letters' in version `bold'
(Font)                  OML/cmm/b/it --> OML/lmm/b/it on input line 27.
LaTeX Font Info:    Overwriting symbol font `symbols' in version `bold'
(Font)                  OMS/cmsy/b/n --> OMS/lmsy/b/n on input line 28.
LaTeX Font Info:    Overwriting symbol font `largesymbols' in version `bold'
(Font)                  OMX/cmex/m/n --> OMX/lmex/m/n on input line 29.
LaTeX Font Info:    Overwriting math alphabet `\mathbf' in version `normal'
(Font)                  OT1/cmr/bx/n --> OT1/lmr/bx/n on input line 31.
LaTeX Font Info:    Overwriting math alphabet `\mathsf' in version `normal'
(Font)                  OT1/cmss/m/n --> OT1/lmss/m/n on input line 32.
LaTeX Font Info:    Overwriting math alphabet `\mathit' in version `normal'
(Font)                  OT1/cmr/m/it --> OT1/lmr/m/it on input line 33.
LaTeX Font Info:    Overwriting math alphabet `\mathtt' in version `normal'
(Font)                  OT1/cmtt/m/n --> OT1/lmtt/m/n on input line 34.
LaTeX Font Info:    Overwriting math alphabet `\mathbf' in version `bold'
(Font)                  OT1/cmr/bx/n --> OT1/lmr/bx/n on input line 35.
LaTeX Font Info:    Overwriting math alphabet `\mathsf' in version `bold'
(Font)                  OT1/cmss/bx/n --> OT1/lmss/bx/n on input line 36.
LaTeX Font Info:    Overwriting math alphabet `\mathit' in version `bold'
(Font)                  OT1/cmr/bx/it --> OT1/lmr/bx/it on input line 37.
LaTeX Font Info:    Overwriting math alphabet `\mathtt' in version `bold'
(Font)                  OT1/cmtt/m/n --> OT1/lmtt/m/n on input line 38.
)
("C:\Program Files\MiKTeX 2.9\tex\latex\geometry\geometry.sty"
Package: geometry 2010/09/12 v5.6 Page Geometry

("C:\Program Files\MiKTeX 2.9\tex\latex\graphics\keyval.sty"
Package: keyval 2014/10/28 v1.15 key=value parser (DPC)
\KV@toks@=\toks16
)
("C:\Program Files\MiKTeX 2.9\tex\generic\oberdiek\ifpdf.sty"
Package: ifpdf 2017/03/15 v3.2 Provides the ifpdf switch
)
("C:\Program Files\MiKTeX 2.9\tex\generic\oberdiek\ifvtex.sty"
Package: ifvtex 2016/05/16 v1.6 Detect VTeX and its facilities (HO)
Package ifvtex Info: VTeX not detected.
)
("C:\Program Files\MiKTeX 2.9\tex\generic\ifxetex\ifxetex.sty"
Package: ifxetex 2010/09/12 v0.6 Provides ifxetex conditional
)
\Gm@cnth=\count88
\Gm@cntv=\count89
\c@Gm@tempcnt=\count90
\Gm@bindingoffset=\dimen103
\Gm@wd@mp=\dimen104
\Gm@odd@mp=\dimen105
\Gm@even@mp=\dimen106
\Gm@layoutwidth=\dimen107
\Gm@layoutheight=\dimen108
\Gm@layouthoffset=\dimen109
\Gm@layoutvoffset=\dimen110
\Gm@dimlist=\toks17

("C:\Program Files\MiKTeX 2.9\tex\latex\geometry\geometry.cfg"))
("C:\Program Files\MiKTeX 2.9\tex\generic\babel\babel.sty"
Package: babel 2017/11/03 3.15 The Babel package

("C:\Program Files\MiKTeX 2.9\tex\generic\babel\switch.def"
File: switch.def 2017/11/03 3.15 Babel switching mechanism
)
*************************************
* Local config file bblopts.cfg used
*
("C:\Program Files\MiKTeX 2.9\tex\latex\arabi\bblopts.cfg"
File: bblopts.cfg 2005/09/08 v0.1 add Arabic and Farsi to "declared" options of
 babel
)
("C:\Program Files\MiKTeX 2.9\tex\generic\babel-french\french.ldf"
Language: french 2017/10/19 v3.3d French support from the babel system

("C:\Program Files\MiKTeX 2.9\tex\generic\babel\babel.def"
File: babel.def 2017/11/03 3.15 Babel common definitions

("C:\Program Files\MiKTeX 2.9\tex\generic\babel\switch.def"
File: switch.def 2017/11/03 3.15 Babel switching mechanism
)
\babel@savecnt=\count91
\U@D=\dimen111
)
\FB@nonchar=\count92
\FBcolonsp=\toks18
\FBthinsp=\toks19
Package babel Info: Making : an active character on input line 322.
Package babel Info: Making ; an active character on input line 323.
Package babel Info: Making ! an active character on input line 324.
Package babel Info: Making ? an active character on input line 325.
\FBguillsp=\toks20
\FBguill@level=\count93
\FB@everypar=\toks21
\FB@Mht=\dimen112
\mc@charclass=\count94
\mc@charfam=\count95
\mc@charslot=\count96
\std@mcc=\count97
\dec@mcc=\count98
\c@FBcaption@count=\count99
\listindentFB=\skip43
\descindentFB=\skip44
\labelwidthFB=\skip45
\leftmarginFB=\skip46
\parindentFFN=\dimen113
\FBfnindent=\skip47
))
("C:\Program Files\MiKTeX 2.9\tex\latex\carlisle\scalefnt.sty")
("C:\Program Files\MiKTeX 2.9\tex\latex\amsmath\amsmath.sty"
Package: amsmath 2017/09/02 v2.17a AMS math features
\@mathmargin=\skip48

For additional information on amsmath, use the `?' option.
("C:\Program Files\MiKTeX 2.9\tex\latex\amsmath\amstext.sty"
Package: amstext 2000/06/29 v2.01 AMS text

("C:\Program Files\MiKTeX 2.9\tex\latex\amsmath\amsgen.sty"
File: amsgen.sty 1999/11/30 v2.0 generic functions
\@emptytoks=\toks22
\ex@=\dimen114
))
("C:\Program Files\MiKTeX 2.9\tex\latex\amsmath\amsbsy.sty"
Package: amsbsy 1999/11/29 v1.2d Bold Symbols
\pmbraise@=\dimen115
)
("C:\Program Files\MiKTeX 2.9\tex\latex\amsmath\amsopn.sty"
Package: amsopn 2016/03/08 v2.02 operator names
)
\inf@bad=\count100
LaTeX Info: Redefining \frac on input line 213.
\uproot@=\count101
\leftroot@=\count102
LaTeX Info: Redefining \overline on input line 375.
\classnum@=\count103
\DOTSCASE@=\count104
LaTeX Info: Redefining \ldots on input line 472.
LaTeX Info: Redefining \dots on input line 475.
LaTeX Info: Redefining \cdots on input line 596.
\Mathstrutbox@=\box26
\strutbox@=\box27
\big@size=\dimen116
LaTeX Font Info:    Redeclaring font encoding OML on input line 712.
LaTeX Font Info:    Redeclaring font encoding OMS on input line 713.
\macc@depth=\count105
\c@MaxMatrixCols=\count106
\dotsspace@=\muskip10
\c@parentequation=\count107
\dspbrk@lvl=\count108
\tag@help=\toks23
\row@=\count109
\column@=\count110
\maxfields@=\count111
\andhelp@=\toks24
\eqnshift@=\dimen117
\alignsep@=\dimen118
\tagshift@=\dimen119
\tagwidth@=\dimen120
\totwidth@=\dimen121
\lineht@=\dimen122
\@envbody=\toks25
\multlinegap=\skip49
\multlinetaggap=\skip50
\mathdisplay@stack=\toks26
LaTeX Info: Redefining \[ on input line 2817.
LaTeX Info: Redefining \] on input line 2818.
)
("C:\Program Files\MiKTeX 2.9\tex\latex\bosisio\mathcmd.sty"
Package: mathcmd 1997/12/20 v2.2 Extensions to math environments (FB)
)
("C:\Program Files\MiKTeX 2.9\tex\latex\amsfonts\amssymb.sty"
Package: amssymb 2013/01/14 v3.01 AMS font symbols

("C:\Program Files\MiKTeX 2.9\tex\latex\amsfonts\amsfonts.sty"
Package: amsfonts 2013/01/14 v3.01 Basic AMSFonts support
\symAMSa=\mathgroup4
\symAMSb=\mathgroup5
LaTeX Font Info:    Overwriting math alphabet `\mathfrak' in version `bold'
(Font)                  U/euf/m/n --> U/euf/b/n on input line 106.
))
("C:\Program Files\MiKTeX 2.9\tex\latex\jknappen\mathrsfs.sty"
Package: mathrsfs 1996/01/01 Math RSFS package v1.0 (jk)
\symrsfs=\mathgroup6
)
("C:\Program Files\MiKTeX 2.9\tex\latex\graphics\graphicx.sty"
Package: graphicx 2017/06/01 v1.1a Enhanced LaTeX Graphics (DPC,SPQR)

("C:\Program Files\MiKTeX 2.9\tex\latex\graphics\graphics.sty"
Package: graphics 2017/06/25 v1.2c Standard LaTeX Graphics (DPC,SPQR)

("C:\Program Files\MiKTeX 2.9\tex\latex\graphics\trig.sty"
Package: trig 2016/01/03 v1.10 sin cos tan (DPC)
)
("C:\Program Files\MiKTeX 2.9\tex\latex\graphics-cfg\graphics.cfg"
File: graphics.cfg 2016/06/04 v1.11 sample graphics configuration
)
Package graphics Info: Driver file: pdftex.def on input line 99.

("C:\Program Files\MiKTeX 2.9\tex\latex\graphics-def\pdftex.def"
File: pdftex.def 2017/06/24 v1.0g Graphics/color driver for pdftex
))
\Gin@req@height=\dimen123
\Gin@req@width=\dimen124
)
("C:\Program Files\MiKTeX 2.9\tex\latex\appendix\appendix.sty"
Package: appendix 2009/09/02 v1.2b extra appendix facilities
\c@@pps=\count112
\c@@ppsavesec=\count113
\c@@ppsaveapp=\count114
)
("C:\Program Files\MiKTeX 2.9\tex\latex\hyperref\hyperref.sty"
Package: hyperref 2017/03/14 v6.85a Hypertext links for LaTeX

("C:\Program Files\MiKTeX 2.9\tex\generic\oberdiek\hobsub-hyperref.sty"
Package: hobsub-hyperref 2016/05/16 v1.14 Bundle oberdiek, subset hyperref (HO)


("C:\Program Files\MiKTeX 2.9\tex\generic\oberdiek\hobsub-generic.sty"
Package: hobsub-generic 2016/05/16 v1.14 Bundle oberdiek, subset generic (HO)
Package: hobsub 2016/05/16 v1.14 Construct package bundles (HO)
Package: infwarerr 2016/05/16 v1.4 Providing info/warning/error messages (HO)
Package: ltxcmds 2016/05/16 v1.23 LaTeX kernel commands for general use (HO)
Package: ifluatex 2016/05/16 v1.4 Provides the ifluatex switch (HO)
Package ifluatex Info: LuaTeX not detected.
Package hobsub Info: Skipping package `ifvtex' (already loaded).
Package: intcalc 2016/05/16 v1.2 Expandable calculations with integers (HO)
Package hobsub Info: Skipping package `ifpdf' (already loaded).
Package: etexcmds 2016/05/16 v1.6 Avoid name clashes with e-TeX commands (HO)
Package etexcmds Info: Could not find \expanded.
(etexcmds)             That can mean that you are not using pdfTeX 1.50 or
(etexcmds)             that some package has redefined \expanded.
(etexcmds)             In the latter case, load this package earlier.
Package: kvsetkeys 2016/05/16 v1.17 Key value parser (HO)
Package: kvdefinekeys 2016/05/16 v1.4 Define keys (HO)
Package: pdftexcmds 2017/03/19 v0.25 Utility functions of pdfTeX for LuaTeX (HO
)
Package pdftexcmds Info: LuaTeX not detected.
Package pdftexcmds Info: \pdf@primitive is available.
Package pdftexcmds Info: \pdf@ifprimitive is available.
Package pdftexcmds Info: \pdfdraftmode found.
Package: pdfescape 2016/05/16 v1.14 Implements pdfTeX's escape features (HO)
Package: bigintcalc 2016/05/16 v1.4 Expandable calculations on big integers (HO
)
Package: bitset 2016/05/16 v1.2 Handle bit-vector datatype (HO)
Package: uniquecounter 2016/05/16 v1.3 Provide unlimited unique counter (HO)
)
Package hobsub Info: Skipping package `hobsub' (already loaded).
Package: letltxmacro 2016/05/16 v1.5 Let assignment for LaTeX macros (HO)
Package: hopatch 2016/05/16 v1.3 Wrapper for package hooks (HO)
Package: xcolor-patch 2016/05/16 xcolor patch
Package: atveryend 2016/05/16 v1.9 Hooks at the very end of document (HO)
Package atveryend Info: \enddocument detected (standard20110627).
Package: atbegshi 2016/06/09 v1.18 At begin shipout hook (HO)
Package: refcount 2016/05/16 v3.5 Data extraction from label references (HO)
Package: hycolor 2016/05/16 v1.8 Color options for hyperref/bookmark (HO)
)
("C:\Program Files\MiKTeX 2.9\tex\latex\oberdiek\auxhook.sty"
Package: auxhook 2016/05/16 v1.4 Hooks for auxiliary files (HO)
)
("C:\Program Files\MiKTeX 2.9\tex\latex\oberdiek\kvoptions.sty"
Package: kvoptions 2016/05/16 v3.12 Key value format for package options (HO)
)
\@linkdim=\dimen125
\Hy@linkcounter=\count115
\Hy@pagecounter=\count116

("C:\Program Files\MiKTeX 2.9\tex\latex\hyperref\pd1enc.def"
File: pd1enc.def 2017/03/14 v6.85a Hyperref: PDFDocEncoding definition (HO)
Now handling font encoding PD1 ...
... no UTF-8 mapping file for font encoding PD1
)
\Hy@SavedSpaceFactor=\count117

("C:\Program Files\MiKTeX 2.9\tex\latex\00miktex\hyperref.cfg"
File: hyperref.cfg 2002/06/06 v1.2 hyperref configuration of TeXLive
)
Package hyperref Info: Hyper figures OFF on input line 4498.
Package hyperref Info: Link nesting OFF on input line 4503.
Package hyperref Info: Hyper index ON on input line 4506.
Package hyperref Info: Plain pages OFF on input line 4513.
Package hyperref Info: Backreferencing OFF on input line 4518.
Package hyperref Info: Implicit mode ON; LaTeX internals redefined.
Package hyperref Info: Bookmarks ON on input line 4751.
\c@Hy@tempcnt=\count118

("C:\Program Files\MiKTeX 2.9\tex\latex\url\url.sty"
\Urlmuskip=\muskip11
Package: url 2013/09/16  ver 3.4  Verb mode for urls, etc.
)
LaTeX Info: Redefining \url on input line 5104.
\XeTeXLinkMargin=\dimen126
\Fld@menulength=\count119
\Field@Width=\dimen127
\Fld@charsize=\dimen128
Package hyperref Info: Hyper figures OFF on input line 6358.
Package hyperref Info: Link nesting OFF on input line 6363.
Package hyperref Info: Hyper index ON on input line 6366.
Package hyperref Info: backreferencing OFF on input line 6373.
Package hyperref Info: Link coloring OFF on input line 6378.
Package hyperref Info: Link coloring with OCG OFF on input line 6383.
Package hyperref Info: PDF/A mode OFF on input line 6388.
LaTeX Info: Redefining \ref on input line 6428.
LaTeX Info: Redefining \pageref on input line 6432.
\Hy@abspage=\count120
\c@Item=\count121
\c@Hfootnote=\count122
)

Package hyperref Message: Driver (autodetected): hpdftex.

("C:\Program Files\MiKTeX 2.9\tex\latex\hyperref\hpdftex.def"
File: hpdftex.def 2017/03/14 v6.85a Hyperref driver for pdfTeX
\Fld@listcount=\count123
\c@bookmark@seq@number=\count124

("C:\Program Files\MiKTeX 2.9\tex\latex\oberdiek\rerunfilecheck.sty"
Package: rerunfilecheck 2016/05/16 v1.8 Rerun checks for auxiliary files (HO)
Package uniquecounter Info: New unique counter `rerunfilecheck' on input line 2
82.
)
\Hy@SectionHShift=\skip51
)
("C:\Program Files\MiKTeX 2.9\tex\latex\caption\subcaption.sty"
Package: subcaption 2016/05/22 v1.1-161 Sub-captions (AR)

("C:\Program Files\MiKTeX 2.9\tex\latex\caption\caption.sty"
Package: caption 2016/02/21 v3.3-144 Customizing captions (AR)

("C:\Program Files\MiKTeX 2.9\tex\latex\caption\caption3.sty"
Package: caption3 2016/05/22 v1.7-166 caption3 kernel (AR)
Package caption3 Info: TeX engine: e-TeX on input line 67.
\captionmargin=\dimen129
\captionmargin@=\dimen130
\captionwidth=\dimen131
\caption@tempdima=\dimen132
\caption@indent=\dimen133
\caption@parindent=\dimen134
\caption@hangindent=\dimen135
)
\c@ContinuedFloat=\count125
Package caption Info: hyperref package is loaded.
)
\c@subfigure=\count126
\c@subtable=\count127
)
("C:\Program Files\MiKTeX 2.9\tex\latex\setspace\setspace.sty"
Package: setspace 2011/12/19 v6.7a set line spacing
)
("C:\Program Files\MiKTeX 2.9\tex\latex\nomencl\nomencl.sty"
Package: nomencl 2005/09/22 v4.2 Nomenclature package (LN)
\nomlabelwidth=\dimen136
\nom@tempdim=\dimen137
\nomitemsep=\skip52
)
("C:\Program Files\MiKTeX 2.9\tex\latex\tools\verbatim.sty"
Package: verbatim 2014/10/28 v1.5q LaTeX2e package for verbatim enhancements
\every@verbatim=\toks27
\verbatim@line=\toks28
\verbatim@in@stream=\read1
)
\@nomenclaturefile=\write3
\openout3 = `"Rapport _projet-2A.nlo"'.


Writing nomenclature file "Rapport _projet-2A".nlo
\@indexfile=\write4
\openout4 = `"Rapport _projet-2A.idx"'.

Writing index file "Rapport _projet-2A".idx
("Rapport _projet-2A.aux"

LaTeX Warning: Label `figure 1' multiply defined.


LaTeX Warning: Label `figure 3 ' multiply defined.


LaTeX Warning: Label `figure 1' multiply defined.


LaTeX Warning: Label `figure 1' multiply defined.


LaTeX Warning: Label `figure 1' multiply defined.


LaTeX Warning: Label `figure 3 ' multiply defined.

)
\openout1 = `"Rapport _projet-2A.aux"'.

LaTeX Font Info:    Checking defaults for OML/cmm/m/it on input line 23.
LaTeX Font Info:    ... okay on input line 23.
LaTeX Font Info:    Checking defaults for T1/cmr/m/n on input line 23.
LaTeX Font Info:    ... okay on input line 23.
LaTeX Font Info:    Checking defaults for OT1/cmr/m/n on input line 23.
LaTeX Font Info:    ... okay on input line 23.
LaTeX Font Info:    Checking defaults for OMS/cmsy/m/n on input line 23.
LaTeX Font Info:    ... okay on input line 23.
LaTeX Font Info:    Checking defaults for OMX/cmex/m/n on input line 23.
LaTeX Font Info:    ... okay on input line 23.
LaTeX Font Info:    Checking defaults for U/cmr/m/n on input line 23.
LaTeX Font Info:    ... okay on input line 23.
LaTeX Font Info:    Checking defaults for PD1/pdf/m/n on input line 23.
LaTeX Font Info:    ... okay on input line 23.
LaTeX Font Info:    Try loading font information for T1+lmr on input line 23.
 ("C:\Program Files\MiKTeX 2.9\tex\latex\lm\t1lmr.fd"
File: t1lmr.fd 2009/10/30 v1.6 Font defs for Latin Modern
)
*geometry* driver: auto-detecting
*geometry* detected driver: pdftex
*geometry* verbose mode - [ preamble ] result:
* driver: pdftex
* paper: a4paper
* layout: <same size as paper>
* layoutoffset:(h,v)=(0.0pt,0.0pt)
* modes: 
* h-part:(L,W,R)=(89.62709pt, 418.25368pt, 89.6271pt)
* v-part:(T,H,B)=(101.40665pt, 591.5302pt, 152.11pt)
* \paperwidth=597.50787pt
* \paperheight=845.04684pt
* \textwidth=418.25368pt
* \textheight=591.5302pt
* \oddsidemargin=17.3571pt
* \evensidemargin=17.3571pt
* \topmargin=-7.86334pt
* \headheight=12.0pt
* \headsep=25.0pt
* \topskip=12.0pt
* \footskip=30.0pt
* \marginparwidth=35.0pt
* \marginparsep=10.0pt
* \columnsep=10.0pt
* \skip\footins=10.8pt plus 4.0pt minus 2.0pt
* \hoffset=0.0pt
* \voffset=0.0pt
* \mag=1000
* \@twocolumnfalse
* \@twosidefalse
* \@mparswitchfalse
* \@reversemarginfalse
* (1in=72.27pt=25.4mm, 1cm=28.453pt)

LaTeX Info: Redefining \degres on input line 23.
LaTeX Info: Redefining \dots on input line 23.
LaTeX Info: Redefining \up on input line 23.
("C:\Program Files\MiKTeX 2.9\tex\context\base\supp-pdf.mkii"
[Loading MPS to PDF converter (version 2006.09.02).]
\scratchcounter=\count128
\scratchdimen=\dimen138
\scratchbox=\box28
\nofMPsegments=\count129
\nofMParguments=\count130
\everyMPshowfont=\toks29
\MPscratchCnt=\count131
\MPscratchDim=\dimen139
\MPnumerator=\count132
\makeMPintoPDFobject=\count133
\everyMPtoPDFconversion=\toks30
) ("C:\Program Files\MiKTeX 2.9\tex\latex\oberdiek\epstopdf-base.sty"
Package: epstopdf-base 2016/05/15 v2.6 Base part for package epstopdf

("C:\Program Files\MiKTeX 2.9\tex\latex\oberdiek\grfext.sty"
Package: grfext 2016/05/16 v1.2 Manage graphics extensions (HO)
)
Package epstopdf-base Info: Redefining graphics rule for `.eps' on input line 4
38.
Package grfext Info: Graphics extension search list:
(grfext)             [.pdf,.png,.jpg,.mps,.jpeg,.jbig2,.jb2,.PDF,.PNG,.JPG,.JPE
G,.JBIG2,.JB2,.eps]
(grfext)             \AppendGraphicsExtensions on input line 456.
)
\AtBeginShipoutBox=\box29
Package hyperref Info: Link coloring OFF on input line 23.

("C:\Program Files\MiKTeX 2.9\tex\latex\hyperref\nameref.sty"
Package: nameref 2016/05/21 v2.44 Cross-referencing by name of section

("C:\Program Files\MiKTeX 2.9\tex\generic\oberdiek\gettitlestring.sty"
Package: gettitlestring 2016/05/16 v1.5 Cleanup title references (HO)
)
\c@section@level=\count134
)
LaTeX Info: Redefining \ref on input line 23.
LaTeX Info: Redefining \pageref on input line 23.
LaTeX Info: Redefining \nameref on input line 23.

("Rapport _projet-2A.out") ("Rapport _projet-2A.out")
\@outlinefile=\write5
\openout5 = `"Rapport _projet-2A.out"'.

Package caption Info: Begin \AtBeginDocument code.
Package caption Info: End \AtBeginDocument code.
<graphes/mines_nancy.png, id=119, 313.17pt x 161.60374pt>
File: graphes/mines_nancy.png Graphic file (type png)
<use graphes/mines_nancy.png>
Package pdftex.def Info: graphes/mines_nancy.png  used on input line 33. on inp
ut line 33.
Package pdftex.def Info: Requested size: 110.27536pt x 56.9055pt on input line 
33.
<graphes/elie_cartan.png, id=121, 332.24126pt x 152.57pt>
File: graphes/elie_cartan.png Graphic file (type png)
<use graphes/elie_cartan.png>
Package pdftex.def Info: graphes/elie_cartan.png  used on input line 36. on inp
ut line 36.
Package pdftex.def Info: Requested size: 123.92097pt x 56.9055pt on input line 
36.
<graphes/univ_lorraine.png, id=122, 339.2675pt x 149.55875pt>
File: graphes/univ_lorraine.png Graphic file (type png)
<use graphes/univ_lorraine.png>
Package pdftex.def Info: graphes/univ_lorraine.png  used on input line 39. on i
nput line 39.
Package pdftex.def Info: Requested size: 129.08864pt x 56.9055pt on input line 
39.

Overfull \hbox (3.61127pt too wide) in paragraph at lines 39--40
[][] 
 []

[1

{C:/Users/pierr/AppData/Local/MiKTeX/2.9/pdftex/config/pdftex.map} <./graphes/m
ines_nancy.png> <./graphes/elie_cartan.png> <./graphes/univ_lorraine.png>]
("Rapport _projet-2A.toc"
LaTeX Font Info:    Try loading font information for OT1+lmr on input line 3.
 ("C:\Program Files\MiKTeX 2.9\tex\latex\lm\ot1lmr.fd"
File: ot1lmr.fd 2009/10/30 v1.6 Font defs for Latin Modern
)
LaTeX Font Info:    Try loading font information for OML+lmm on input line 3.
 ("C:\Program Files\MiKTeX 2.9\tex\latex\lm\omllmm.fd"
File: omllmm.fd 2009/10/30 v1.6 Font defs for Latin Modern
)
LaTeX Font Info:    Try loading font information for OMS+lmsy on input line 3.

("C:\Program Files\MiKTeX 2.9\tex\latex\lm\omslmsy.fd"
File: omslmsy.fd 2009/10/30 v1.6 Font defs for Latin Modern
)
LaTeX Font Info:    Try loading font information for OMX+lmex on input line 3.

("C:\Program Files\MiKTeX 2.9\tex\latex\lm\omxlmex.fd"
File: omxlmex.fd 2009/10/30 v1.6 Font defs for Latin Modern
)
LaTeX Font Info:    External font `lmex10' loaded for size
(Font)              <12> on input line 3.
LaTeX Font Info:    External font `lmex10' loaded for size
(Font)              <8> on input line 3.
LaTeX Font Info:    External font `lmex10' loaded for size
(Font)              <6> on input line 3.
LaTeX Font Info:    Try loading font information for U+msa on input line 3.

("C:\Program Files\MiKTeX 2.9\tex\latex\amsfonts\umsa.fd"
File: umsa.fd 2013/01/14 v3.01 AMS symbols A
)
LaTeX Font Info:    Try loading font information for U+msb on input line 3.

("C:\Program Files\MiKTeX 2.9\tex\latex\amsfonts\umsb.fd"
File: umsb.fd 2013/01/14 v3.01 AMS symbols B
)
LaTeX Font Info:    Try loading font information for U+rsfs on input line 3.

("C:\Program Files\MiKTeX 2.9\tex\latex\jknappen\ursfs.fd"
File: ursfs.fd 1998/03/24 rsfs font definition file (jk)
)pdfTeX warning (ext4): destination with the same identifier (name{page.1}) has
 been already used, duplicate ignored
<to be read again> 
                   \relax 
l.30 ...}quations de Stokes}{63}{subsection.B.0.2}
                                                   [1

])
\tf@toc=\write6
\openout6 = `"Rapport _projet-2A.toc"'.

 [2]
Underfull \hbox (badness 10000) in paragraph at lines 69--79

 []


Underfull \hbox (badness 10000) in paragraph at lines 69--79

 []

[3]
Chapitre 1.

Package hyperref Warning: Difference (2) between bookmark levels is greater 
(hyperref)                than one, level fixed on input line 92.


Underfull \hbox (badness 10000) in paragraph at lines 98--112

 []


Underfull \hbox (badness 10000) in paragraph at lines 98--112

 []


Underfull \hbox (badness 10000) in paragraph at lines 98--112

 []

[4

]
<graphes/blender_cuve_champvec.png, id=184, 1284.8pt x 801.99625pt>
File: graphes/blender_cuve_champvec.png Graphic file (type png)
<use graphes/blender_cuve_champvec.png>
Package pdftex.def Info: graphes/blender_cuve_champvec.png  used on input line 
121. on input line 121.
Package pdftex.def Info: Requested size: 319.06233pt x 199.16928pt on input lin
e 121.
<graphes/blender_cuve_mag2.png, id=185, 1284.8pt x 803.0pt>
File: graphes/blender_cuve_mag2.png Graphic file (type png)
<use graphes/blender_cuve_mag2.png>
Package pdftex.def Info: graphes/blender_cuve_mag2.png  used on input line 132.
 on input line 132.
Package pdftex.def Info: Requested size: 364.19176pt x 227.62204pt on input lin
e 132.


LaTeX Warning: `!h' float specifier changed to `!ht'.


LaTeX Warning: `!h' float specifier changed to `!ht'.

[5]
<graphes/champvec2.png, id=190, 1284.8pt x 801.99625pt>
File: graphes/champvec2.png Graphic file (type png)
<use graphes/champvec2.png>
Package pdftex.def Info: graphes/champvec2.png  used on input line 144. on inpu
t line 144.
Package pdftex.def Info: Requested size: 364.64265pt x 227.62204pt on input lin
e 144.


LaTeX Warning: `h' float specifier changed to `ht'.

<graphes/config_centre.png, id=191, 770.88pt x 481.8pt>
File: graphes/config_centre.png Graphic file (type png)
<use graphes/config_centre.png>
Package pdftex.def Info: graphes/config_centre.png  used on input line 154. on 
input line 154.
Package pdftex.def Info: Requested size: 364.19568pt x 227.62204pt on input lin
e 154.
<graphes/blender_cuve_champvec3.png, id=192, 1284.8pt x 801.99625pt>
File: graphes/blender_cuve_champvec3.png Graphic file (type png)
<use graphes/blender_cuve_champvec3.png>
Package pdftex.def Info: graphes/blender_cuve_champvec3.png  used on input line
 164. on input line 164.
Package pdftex.def Info: Requested size: 364.64265pt x 227.62204pt on input lin
e 164.

Underfull \hbox (badness 10000) in paragraph at lines 150--170

 []


LaTeX Warning: `!h' float specifier changed to `!ht'.

[6 <./graphes/blender_cuve_champvec.png> <./graphes/blender_cuve_mag2.png>]

LaTeX Warning: Text page 7 contains only floats.

[7 <./graphes/champvec2.png> <./graphes/config_centre.png>] [8 <./graphes/blend
er_cuve_champvec3.png>] [9]
Chapitre 2.

Package hyperref Warning: Difference (2) between bookmark levels is greater 
(hyperref)                than one, level fixed on input line 182.

<graphes/champ_aimant1.png, id=220, 556.32843pt x 362.10281pt>
File: graphes/champ_aimant1.png Graphic file (type png)
<use graphes/champ_aimant1.png>
Package pdftex.def Info: graphes/champ_aimant1.png  used on input line 188. on 
input line 188.
Package pdftex.def Info: Requested size: 174.8539pt x 113.81102pt on input line
 188.
<graphes/axes.png, id=221, 150.5625pt x 130.4875pt>
File: graphes/axes.png Graphic file (type png)
<use graphes/axes.png>
Package pdftex.def Info: graphes/axes.png  used on input line 189. on input lin
e 189.
Package pdftex.def Info: Requested size: 65.65956pt x 56.9055pt on input line 1
89.
[10

 <./graphes/champ_aimant1.png> <./graphes/axes.png>]
<graphes/Espacedetravail.png, id=229, 1836.8625pt x 1074.0125pt>
File: graphes/Espacedetravail.png Graphic file (type png)
<use graphes/Espacedetravail.png>
Package pdftex.def Info: graphes/Espacedetravail.png  used on input line 206. o
n input line 206.
Package pdftex.def Info: Requested size: 389.28407pt x 227.62204pt on input lin
e 206.


LaTeX Warning: `h' float specifier changed to `ht'.

[11] [12 <./graphes/Espacedetravail.png>] [13]
Underfull \hbox (badness 10000) in paragraph at lines 283--285

 []


Underfull \hbox (badness 10000) in paragraph at lines 288--293

 []


Underfull \hbox (badness 10000) in paragraph at lines 288--293

 []

<graphes/Maillage_initial.png, id=254, 551.05875pt x 502.87875pt>
File: graphes/Maillage_initial.png Graphic file (type png)
<use graphes/Maillage_initial.png>
Package pdftex.def Info: graphes/Maillage_initial.png  used on input line 305. 
on input line 305.
Package pdftex.def Info: Requested size: 249.4288pt x 227.62204pt on input line
 305.

LaTeX Warning: `h' float specifier changed to `ht'.


Underfull \hbox (badness 10000) in paragraph at lines 313--318

 []

[14] [15 <./graphes/Maillage_initial.png>]
Underfull \hbox (badness 10000) in paragraph at lines 379--381

 []

[16]
<graphes/transformation_de_maillage.png, id=271, 810.02625pt x 417.81094pt>
File: graphes/transformation_de_maillage.png Graphic file (type png)
<use graphes/transformation_de_maillage.png>
Package pdftex.def Info: graphes/transformation_de_maillage.png  used on input 
line 388. on input line 388.
Package pdftex.def Info: Requested size: 330.97578pt x 170.71652pt on input lin
e 388.

Underfull \hbox (badness 10000) in paragraph at lines 425--432

 []


Underfull \hbox (badness 10000) in paragraph at lines 425--432

 []

[17 <./graphes/transformation_de_maillage.png>]
<graphes/bord.png, id=278, 791.95876pt x 448.67625pt>
File: graphes/bord.png Graphic file (type png)
<use graphes/bord.png>
Package pdftex.def Info: graphes/bord.png  used on input line 447. on input lin
e 447.
Package pdftex.def Info: Requested size: 200.87735pt x 113.81102pt on input lin
e 447.
 [18 <./graphes/bord.png>]
[19] [20] [21]
Underfull \hbox (badness 10000) in paragraph at lines 612--614

 []


Underfull \hbox (badness 10000) in paragraph at lines 616--620

 []

[22]
<graphes/maillage_resolution_champ_magnetique.jpg, id=305, 702.625pt x 526.9687
5pt>
File: graphes/maillage_resolution_champ_magnetique.jpg Graphic file (type jpg)
<use graphes/maillage_resolution_champ_magnetique.jpg>
Package pdftex.def Info: graphes/maillage_resolution_champ_magnetique.jpg  used
 on input line 637. on input line 637.
Package pdftex.def Info: Requested size: 265.56363pt x 199.16928pt on input lin
e 637.

Underfull \hbox (badness 10000) in paragraph at lines 656--670

 []


Underfull \hbox (badness 10000) in paragraph at lines 656--670

 []


Underfull \hbox (badness 10000) in paragraph at lines 656--670

 []

[23 <./graphes/maillage_resolution_champ_magnetique.jpg>]
LaTeX Font Info:    Try loading font information for T1+lmtt on input line 674.


("C:\Program Files\MiKTeX 2.9\tex\latex\lm\t1lmtt.fd"
File: t1lmtt.fd 2009/10/30 v1.6 Font defs for Latin Modern
)
Overfull \hbox (26.34654pt too wide) in paragraph at lines 675--675
[] \T1/lmtt/m/n/12 [v,t,fnum] = meshfaces(node,edge,face,hdata); %construction 
du maillage 
 []


Overfull \hbox (13.99654pt too wide) in paragraph at lines 684--684
[]\T1/lmtt/m/n/12 [M, nn, ibint, ic2] = matrixP1final(v,t,fnum,node1,edge1,node
2,edge2); 
 []

[24]
<graphes/resultat_champ.jpg, id=318, 880.79062pt x 898.10532pt>
File: graphes/resultat_champ.jpg Graphic file (type jpg)
<use graphes/resultat_champ.jpg>
Package pdftex.def Info: graphes/resultat_champ.jpg  used on input line 706. on
 input line 706.
Package pdftex.def Info: Requested size: 279.0364pt x 284.52756pt on input line
 706.
<graphes/norme_du_champ.jpg, id=319, 2569.6pt x 1351.0475pt>
File: graphes/norme_du_champ.jpg Graphic file (type jpg)
<use graphes/norme_du_champ.jpg>
Package pdftex.def Info: graphes/norme_du_champ.jpg  used on input line 715. on
 input line 715.
Package pdftex.def Info: Requested size: 432.90533pt x 227.62204pt on input lin
e 715.

Overfull \hbox (14.65166pt too wide) in paragraph at lines 715--716
 [] 
 []


LaTeX Warning: `!h' float specifier changed to `!ht'.

[25 <./graphes/resultat_champ.jpg>] [26 <./graphes/norme_du_champ.jpg>]
Chapitre 3.
<graphes/3_tourbillons.png, id=330, 1284.8pt x 801.99625pt>
File: graphes/3_tourbillons.png Graphic file (type png)
<use graphes/3_tourbillons.png>
Package pdftex.def Info: graphes/3_tourbillons.png  used on input line 730. on 
input line 730.
Package pdftex.def Info: Requested size: 364.64265pt x 227.62204pt on input lin
e 730.

LaTeX Warning: `!h' float specifier changed to `!ht'.

[27

]

Package hyperref Warning: Difference (2) between bookmark levels is greater 
(hyperref)                than one, level fixed on input line 737.


Underfull \hbox (badness 10000) in paragraph at lines 739--752

 []

[28 <./graphes/3_tourbillons.png>]
File: graphes/champvec2.png Graphic file (type png)
<use graphes/champvec2.png>
Package pdftex.def Info: graphes/champvec2.png  used on input line 778. on inpu
t line 778.
Package pdftex.def Info: Requested size: 273.482pt x 170.71652pt on input line 
778.
<graphes/repere.jpg, id=341, 60.225pt x 91.84312pt>
File: graphes/repere.jpg Graphic file (type jpg)
<use graphes/repere.jpg>
Package pdftex.def Info: graphes/repere.jpg  used on input line 779. on input l
ine 779.
Package pdftex.def Info: Requested size: 37.31613pt x 56.9055pt on input line 7
79.
 [29 <./graphes/repere.jpg>] [30]
File: graphes/config_centre.png Graphic file (type png)
<use graphes/config_centre.png>
Package pdftex.def Info: graphes/config_centre.png  used on input line 875. on 
input line 875.
Package pdftex.def Info: Requested size: 364.19568pt x 227.62204pt on input lin
e 875.
<graphes/repere_retourne.jpg, id=354, 310.15875pt x 280.79906pt>
File: graphes/repere_retourne.jpg Graphic file (type jpg)
<use graphes/repere_retourne.jpg>
Package pdftex.def Info: graphes/repere_retourne.jpg  used on input line 876. o
n input line 876.
Package pdftex.def Info: Requested size: 94.28355pt x 85.35826pt on input line 
876.


LaTeX Warning: `!h' float specifier changed to `!ht'.

[31]
File: graphes/champvec2.png Graphic file (type png)
<use graphes/champvec2.png>
Package pdftex.def Info: graphes/champvec2.png  used on input line 892. on inpu
t line 892.
Package pdftex.def Info: Requested size: 364.64265pt x 227.62204pt on input lin
e 892.
File: graphes/repere.jpg Graphic file (type jpg)
<use graphes/repere.jpg>
Package pdftex.def Info: graphes/repere.jpg  used on input line 893. on input l
ine 893.
Package pdftex.def Info: Requested size: 37.31613pt x 56.9055pt on input line 8
93.

Overfull \hbox (3.66827pt too wide) in paragraph at lines 889--912
[]\T1/lmr/m/n/12 Ensuite nous ré-sol-vons pour l'ai-mant dé-cen-tré se-lon l'ax
e x dans le plan xy(figure
 []


Underfull \hbox (badness 10000) in paragraph at lines 889--912

 []


LaTeX Warning: `!h' float specifier changed to `!ht'.

[32 <./graphes/repere_retourne.jpg>] [33]
Underfull \hbox (badness 10000) in paragraph at lines 923--929

 []

<graphes/maillage_droit.png, id=371, 406.51875pt x 391.4625pt>
File: graphes/maillage_droit.png Graphic file (type png)
<use graphes/maillage_droit.png>
Package pdftex.def Info: graphes/maillage_droit.png  used on input line 942. on
 input line 942.
Package pdftex.def Info: Requested size: 236.37651pt x 227.62204pt on input lin
e 942.
[34 <./graphes/maillage_droit.png>]

LaTeX Warning: Command \l invalid in math mode on input line 961.


Underfull \hbox (badness 10000) in paragraph at lines 966--972

 []

[35] [36]
Overfull \hbox (20.17154pt too wide) in paragraph at lines 1003--1003
[]\T1/lmtt/m/n/12 AddMatElem(A,indice+nv2,indice+nv2,nu*DxDxval+2*nu*DyDyval+nu
*DzDzval);[] 
 []


Overfull \hbox (44.87155pt too wide) in paragraph at lines 1004--1004
[]\T1/lmtt/m/n/12 AddMatElem(A,indice+2*nv2,indice+2*nv2,nu*DxDxval+nu*DyDyval+
2*nu*DzDzval);[] 
 []

<graphes/maillage_resolution_total_centre.jpg, id=387, 2569.6pt x 1351.0475pt>
File: graphes/maillage_resolution_total_centre.jpg Graphic file (type jpg)
<use graphes/maillage_resolution_total_centre.jpg>
Package pdftex.def Info: graphes/maillage_resolution_total_centre.jpg  used on 
input line 1022. on input line 1022.
Package pdftex.def Info: Requested size: 432.90533pt x 227.62204pt on input lin
e 1022.

Overfull \hbox (14.65166pt too wide) in paragraph at lines 1022--1023
[][] 
 []


LaTeX Warning: `!h' float specifier changed to `!ht'.

<graphes/maillage_resolution_total_decentre.jpg, id=388, 2569.6pt x 1351.0475pt
>
File: graphes/maillage_resolution_total_decentre.jpg Graphic file (type jpg)
<use graphes/maillage_resolution_total_decentre.jpg>
Package pdftex.def Info: graphes/maillage_resolution_total_decentre.jpg  used o
n input line 1026. on input line 1026.
Package pdftex.def Info: Requested size: 432.90533pt x 227.62204pt on input lin
e 1026.

Overfull \hbox (14.65166pt too wide) in paragraph at lines 1026--1027
[][] 
 []


LaTeX Warning: `!h' float specifier changed to `!ht'.

[37]

LaTeX Warning: Text page 38 contains only floats.

[38 <./graphes/maillage_resolution_total_centre.jpg> <./graphes/maillage_resolu
tion_total_decentre.jpg>]
Underfull \hbox (badness 10000) in paragraph at lines 1031--1033

 []


Underfull \hbox (badness 10000) in paragraph at lines 1037--1039

 []


Underfull \hbox (badness 10000) in paragraph at lines 1040--1042

 []

<graphes/affichage_extraction_2D.jpg, id=399, 702.625pt x 526.96875pt>
File: graphes/affichage_extraction_2D.jpg Graphic file (type jpg)
<use graphes/affichage_extraction_2D.jpg>
Package pdftex.def Info: graphes/affichage_extraction_2D.jpg  used on input lin
e 1045. on input line 1045.
Package pdftex.def Info: Requested size: 303.49516pt x 227.62204pt on input lin
e 1045.
<graphes/affichage_extraction_2D_normal.jpg, id=400, 702.625pt x 526.96875pt>
File: graphes/affichage_extraction_2D_normal.jpg Graphic file (type jpg)
<use graphes/affichage_extraction_2D_normal.jpg>
Package pdftex.def Info: graphes/affichage_extraction_2D_normal.jpg  used on in
put line 1051. on input line 1051.
Package pdftex.def Info: Requested size: 303.49516pt x 227.62204pt on input lin
e 1051.

LaTeX Warning: `!h' float specifier changed to `!ht'.

[39 <./graphes/affichage_extraction_2D.jpg>]
Overfull \hbox (69.57156pt too wide) in paragraph at lines 1060--1060
[]\T1/lmtt/m/n/12 indz = find(v(:,3) == z); % récupération des indices des n÷ud
s pour le niveau 0[] 
 []

[40 <./graphes/affichage_extraction_2D_normal.jpg>]
<graphes/table_de_connectivite.png, id=413, 614.295pt x 441.65pt>
File: graphes/table_de_connectivite.png Graphic file (type png)
<use graphes/table_de_connectivite.png>
Package pdftex.def Info: graphes/table_de_connectivite.png  used on input line 
1077. on input line 1077.
Package pdftex.def Info: Requested size: 316.60448pt x 227.62204pt on input lin
e 1077.


LaTeX Warning: Command \' invalid in math mode on input line 1078.


LaTeX Warning: Command \' invalid in math mode on input line 1078.


LaTeX Warning: Command \' invalid in math mode on input line 1078.


LaTeX Warning: Command \' invalid in math mode on input line 1078.

[41 <./graphes/table_de_connectivite.png>]
Underfull \hbox (badness 10000) in paragraph at lines 1085--1091

 []

<graphes/Paraview/coupe_aimant_centre.png, id=420, 1619.04875pt x 1186.4325pt>
File: graphes/Paraview/coupe_aimant_centre.png Graphic file (type png)
<use graphes/Paraview/coupe_aimant_centre.png>
Package pdftex.def Info: graphes/Paraview/coupe_aimant_centre.png  used on inpu
t line 1094. on input line 1094.
Package pdftex.def Info: Requested size: 310.61172pt x 227.62204pt on input lin
e 1094.
<graphes/Paraview/flux_aimant_centre_100pt_length4.png, id=421, 1870.99pt x 118
6.4325pt>
File: graphes/Paraview/flux_aimant_centre_100pt_length4.png Graphic file (type 
png)
<use graphes/Paraview/flux_aimant_centre_100pt_length4.png>
Package pdftex.def Info: graphes/Paraview/flux_aimant_centre_100pt_length4.png 
 used on input line 1103. on input line 1103.
Package pdftex.def Info: Requested size: 269.2168pt x 170.71652pt on input line
 1103.

LaTeX Warning: `!h' float specifier changed to `!ht'.

<graphes/Paraview/differents_flux_centre_100pt_lenght4_rad05.png, id=424, 1870.
99pt x 1186.4325pt>
File: graphes/Paraview/differents_flux_centre_100pt_lenght4_rad05.png Graphic f
ile (type png)
<use graphes/Paraview/differents_flux_centre_100pt_lenght4_rad05.png>
Package pdftex.def Info: graphes/Paraview/differents_flux_centre_100pt_lenght4_
rad05.png  used on input line 1119. on input line 1119.
Package pdftex.def Info: Requested size: 358.94623pt x 227.62204pt on input lin
e 1119.

Underfull \hbox (badness 10000) in paragraph at lines 1111--1124

 []

[42 <./graphes/Paraview/coupe_aimant_centre.png (PNG copy)>]

LaTeX Warning: `!h' float specifier changed to `!ht'.

<graphes/coupe_2D_champ_centre.jpg, id=431, 2569.6pt x 1351.0475pt>
File: graphes/coupe_2D_champ_centre.jpg Graphic file (type jpg)
<use graphes/coupe_2D_champ_centre.jpg>
Package pdftex.def Info: graphes/coupe_2D_champ_centre.jpg  used on input line 
1129. on input line 1129.
Package pdftex.def Info: Requested size: 432.90533pt x 227.62204pt on input lin
e 1129.

Overfull \hbox (14.65166pt too wide) in paragraph at lines 1129--1130
 [] 
 []


LaTeX Warning: `!h' float specifier changed to `!ht'.

<graphes/Paraview/coupe_aimant_decentre.png, id=432, 1619.04875pt x 1186.4325pt
>
File: graphes/Paraview/coupe_aimant_decentre.png Graphic file (type png)
<use graphes/Paraview/coupe_aimant_decentre.png>
Package pdftex.def Info: graphes/Paraview/coupe_aimant_decentre.png  used on in
put line 1137. on input line 1137.
Package pdftex.def Info: Requested size: 310.61172pt x 227.62204pt on input lin
e 1137.

LaTeX Warning: `!h' float specifier changed to `!ht'.

<graphes/Paraview/differents_flux_decentre_100pt_lenght4_rad05.png, id=433, 924
.45375pt x 1176.395pt>
File: graphes/Paraview/differents_flux_decentre_100pt_lenght4_rad05.png Graphic
 file (type png)
<use graphes/Paraview/differents_flux_decentre_100pt_lenght4_rad05.png>
Package pdftex.def Info: graphes/Paraview/differents_flux_decentre_100pt_lenght
4_rad05.png  used on input line 1145. on input line 1145.
Package pdftex.def Info: Requested size: 223.59436pt x 284.52756pt on input lin
e 1145.

Underfull \hbox (badness 6300) in paragraph at lines 1146--1146
[]\T1/lmr/m/sc/12 Figure \T1/lmr/m/n/12 3.16  |dif-fé-rents flux pour un ai-ma
nt cen-tré uti-li-sa-tion de
 []


LaTeX Warning: `!h' float specifier changed to `!ht'.

<graphes/coupe_2D_champ_decentre.jpg, id=435, 702.625pt x 526.96875pt>
File: graphes/coupe_2D_champ_decentre.jpg Graphic file (type jpg)
<use graphes/coupe_2D_champ_decentre.jpg>
Package pdftex.def Info: graphes/coupe_2D_champ_decentre.jpg  used on input lin
e 1158. on input line 1158.
Package pdftex.def Info: Requested size: 303.49516pt x 227.62204pt on input lin
e 1158.

LaTeX Warning: `!h' float specifier changed to `!ht'.

[43 <./graphes/Paraview/flux_aimant_centre_100pt_length4.png (PNG copy)>]
[44 <./graphes/Paraview/differents_flux_centre_100pt_lenght4_rad05.png (PNG cop
y)>]

LaTeX Warning: Text page 45 contains only floats.

[45 <./graphes/coupe_2D_champ_centre.jpg> <./graphes/Paraview/coupe_aimant_dece
ntre.png (PNG copy)>]
<graphes/Paraview/total_coupe_pret_aimant_decentre.png, id=453, 1870.99pt x 118
6.4325pt>
File: graphes/Paraview/total_coupe_pret_aimant_decentre.png Graphic file (type 
png)
<use graphes/Paraview/total_coupe_pret_aimant_decentre.png>
Package pdftex.def Info: graphes/Paraview/total_coupe_pret_aimant_decentre.png 
 used on input line 1168. on input line 1168.
Package pdftex.def Info: Requested size: 358.94623pt x 227.62204pt on input lin
e 1168.


LaTeX Warning: `!h' float specifier changed to `!ht'.

<graphes/Paraview/total_coupe_pret_aimant_centre.png, id=454, 1870.99pt x 1186.
4325pt>
File: graphes/Paraview/total_coupe_pret_aimant_centre.png Graphic file (type pn
g)
<use graphes/Paraview/total_coupe_pret_aimant_centre.png>
Package pdftex.def Info: graphes/Paraview/total_coupe_pret_aimant_centre.png  u
sed on input line 1175. on input line 1175.
Package pdftex.def Info: Requested size: 358.94623pt x 227.62204pt on input lin
e 1175.

LaTeX Warning: `!h' float specifier changed to `!ht'.

<graphes/Paraview/total_3_flux.png, id=455, 1870.99pt x 1186.4325pt>
File: graphes/Paraview/total_3_flux.png Graphic file (type png)
<use graphes/Paraview/total_3_flux.png>
Package pdftex.def Info: graphes/Paraview/total_3_flux.png  used on input line 
1182. on input line 1182.
Package pdftex.def Info: Requested size: 358.94623pt x 227.62204pt on input lin
e 1182.

LaTeX Warning: `!h' float specifier changed to `!ht'.

[46 <./graphes/Paraview/differents_flux_decentre_100pt_lenght4_rad05.png (PNG c
opy)>]
Underfull \hbox (badness 10000) in paragraph at lines 1194--1201

 []

[47 <./graphes/coupe_2D_champ_decentre.jpg> <./graphes/Paraview/total_coupe_pre
t_aimant_decentre.png (PNG copy)>]

LaTeX Warning: Text page 48 contains only floats.

[48 <./graphes/Paraview/total_coupe_pret_aimant_centre.png (PNG copy)> <./graph
es/Paraview/total_3_flux.png (PNG copy)>]
Underfull \hbox (badness 10000) in paragraph at lines 1201--1207

 []


Underfull \hbox (badness 10000) in paragraph at lines 1207--1214

 []

[49]
Overfull \hbox (63.39656pt too wide) in paragraph at lines 1228--1228
[]\T1/lmtt/m/n/12 [X2,Y2,Z2,Uxgd_centre,Uygd_centre,Uzgd_centre,Pgd_centre] = s
tokes_3D(true,R);[] 
 []


Overfull \hbox (20.17154pt too wide) in paragraph at lines 1231--1231
[]\T1/lmtt/m/n/12 [X2,Y2,Z2,Uxgd_cote,Uygd_cote,Uzgd_cote,Pgd_cote] = stokes_3D
(false,R);[] 
 []


Overfull \hbox (236.29665pt too wide) in paragraph at lines 1234--1234
[]\T1/lmtt/m/n/12 [Uxgd_cote_transp,Uygd_cote_transp,Uzgd_cote_transp] = transp
osition_champ(Uxgd_cote,Uygd_cote,Uzgd_cote);[] 
 []


Overfull \hbox (149.8466pt too wide) in paragraph at lines 1237--1237
[]\T1/lmtt/m/n/12 % prise en compte du rapport R, comme les équation sont linéa
ire cela revient à appliquer le[] 
 []

[50]
Overfull \hbox (57.22156pt too wide) in paragraph at lines 1248--1248
[]\T1/lmtt/m/n/12 fprintf('   - au format VTK (''VTK STRUCTURED_GRID'') : %s\n'
,filename2_vtk);[] 
 []


Overfull \hbox (63.39656pt too wide) in paragraph at lines 1249--1249
[]\T1/lmtt/m/n/12 writevtk3D(X2,Y2,Z2,Uxgd_total,Uygd_total,Uzgd_total,Pgd_tota
l,filename2_vtk);[] 
 []

<graphes/Paraview/section_pioncarre_R_15.png, id=483, 1870.99pt x 1186.4325pt>
File: graphes/Paraview/section_pioncarre_R_15.png Graphic file (type png)
<use graphes/Paraview/section_pioncarre_R_15.png>
Package pdftex.def Info: graphes/Paraview/section_pioncarre_R_15.png  used on i
nput line 1258. on input line 1258.
Package pdftex.def Info: Requested size: 224.33781pt x 142.26378pt on input lin
e 1258.

Overfull \hbox (31.93832pt too wide) in paragraph at lines 1258--1259
 [][] 
 []

<graphes/Paraview/section_pioncarre_R_20.png, id=484, 1870.99pt x 1186.4325pt>
File: graphes/Paraview/section_pioncarre_R_20.png Graphic file (type png)
<use graphes/Paraview/section_pioncarre_R_20.png>
Package pdftex.def Info: graphes/Paraview/section_pioncarre_R_20.png  used on i
nput line 1264. on input line 1264.
Package pdftex.def Info: Requested size: 224.33781pt x 142.26378pt on input lin
e 1264.

Overfull \hbox (31.93832pt too wide) in paragraph at lines 1264--1265
 [][] 
 []

<graphes/Paraview/section_pioncarre_R_10.png, id=485, 1870.99pt x 1186.4325pt>
File: graphes/Paraview/section_pioncarre_R_10.png Graphic file (type png)
<use graphes/Paraview/section_pioncarre_R_10.png>
Package pdftex.def Info: graphes/Paraview/section_pioncarre_R_10.png  used on i
nput line 1271. on input line 1271.
Package pdftex.def Info: Requested size: 224.33781pt x 142.26378pt on input lin
e 1271.

Overfull \hbox (31.93832pt too wide) in paragraph at lines 1271--1272
 [][] 
 []

<graphes/Paraview/section_pioncarre_R_8_maillage_double.png, id=486, 1870.99pt 
x 1186.4325pt>
File: graphes/Paraview/section_pioncarre_R_8_maillage_double.png Graphic file (
type png)
<use graphes/Paraview/section_pioncarre_R_8_maillage_double.png>
Package pdftex.def Info: graphes/Paraview/section_pioncarre_R_8_maillage_double
.png  used on input line 1277. on input line 1277.
Package pdftex.def Info: Requested size: 224.33781pt x 142.26378pt on input lin
e 1277.

Overfull \hbox (31.93832pt too wide) in paragraph at lines 1277--1278
 [][] 
 []


LaTeX Warning: `!h' float specifier changed to `!ht'.

<graphes/Paraview/section_pioncarre_R_5.png, id=487, 1870.99pt x 1186.4325pt>
File: graphes/Paraview/section_pioncarre_R_5.png Graphic file (type png)
<use graphes/Paraview/section_pioncarre_R_5.png>
Package pdftex.def Info: graphes/Paraview/section_pioncarre_R_5.png  used on in
put line 1284. on input line 1284.
Package pdftex.def Info: Requested size: 224.33781pt x 142.26378pt on input lin
e 1284.

Overfull \hbox (31.93832pt too wide) in paragraph at lines 1284--1285
 [][] 
 []

<graphes/Paraview/section_pioncarre_R_2_double.png, id=488, 1870.99pt x 1186.43
25pt>
File: graphes/Paraview/section_pioncarre_R_2_double.png Graphic file (type png)

<use graphes/Paraview/section_pioncarre_R_2_double.png>
Package pdftex.def Info: graphes/Paraview/section_pioncarre_R_2_double.png  use
d on input line 1290. on input line 1290.
Package pdftex.def Info: Requested size: 224.33781pt x 142.26378pt on input lin
e 1290.

Overfull \hbox (31.93832pt too wide) in paragraph at lines 1290--1291
 [][] 
 []


LaTeX Warning: `!h' float specifier changed to `!ht'.

<graphes/Paraview/section_pioncarre_R_01.png, id=489, 1870.99pt x 1186.4325pt>
File: graphes/Paraview/section_pioncarre_R_01.png Graphic file (type png)
<use graphes/Paraview/section_pioncarre_R_01.png>
Package pdftex.def Info: graphes/Paraview/section_pioncarre_R_01.png  used on i
nput line 1297. on input line 1297.
Package pdftex.def Info: Requested size: 224.33781pt x 142.26378pt on input lin
e 1297.

Overfull \hbox (31.93832pt too wide) in paragraph at lines 1297--1298
 [][] 
 []

File: graphes/Paraview/section_pioncarre_R_01.png Graphic file (type png)
<use graphes/Paraview/section_pioncarre_R_01.png>
Package pdftex.def Info: graphes/Paraview/section_pioncarre_R_01.png  used on i
nput line 1303. on input line 1303.
Package pdftex.def Info: Requested size: 224.33781pt x 142.26378pt on input lin
e 1303.

Overfull \hbox (31.93832pt too wide) in paragraph at lines 1303--1304
 [][] 
 []


LaTeX Warning: `!h' float specifier changed to `!ht'.

<graphes/Paraview/section_pioncarre_R_001_double.png, id=490, 1870.99pt x 1186.
4325pt>
File: graphes/Paraview/section_pioncarre_R_001_double.png Graphic file (type pn
g)
<use graphes/Paraview/section_pioncarre_R_001_double.png>
Package pdftex.def Info: graphes/Paraview/section_pioncarre_R_001_double.png  u
sed on input line 1310. on input line 1310.
Package pdftex.def Info: Requested size: 224.33781pt x 142.26378pt on input lin
e 1310.

Overfull \hbox (31.93832pt too wide) in paragraph at lines 1310--1311
 [][] 
 []

<graphes/Paraview/section_pioncarre_R_005_double.png, id=491, 1870.99pt x 1186.
4325pt>
File: graphes/Paraview/section_pioncarre_R_005_double.png Graphic file (type pn
g)
<use graphes/Paraview/section_pioncarre_R_005_double.png>
Package pdftex.def Info: graphes/Paraview/section_pioncarre_R_005_double.png  u
sed on input line 1316. on input line 1316.
Package pdftex.def Info: Requested size: 224.33781pt x 142.26378pt on input lin
e 1316.

Overfull \hbox (31.93832pt too wide) in paragraph at lines 1316--1317
 [][] 
 []


LaTeX Warning: `!h' float specifier changed to `!ht'.

<graphes/Paraview/section_pioncarre_R_0005_double.png, id=492, 1870.99pt x 1186
.4325pt>
File: graphes/Paraview/section_pioncarre_R_0005_double.png Graphic file (type p
ng)
<use graphes/Paraview/section_pioncarre_R_0005_double.png>
Package pdftex.def Info: graphes/Paraview/section_pioncarre_R_0005_double.png  
used on input line 1323. on input line 1323.
Package pdftex.def Info: Requested size: 224.33781pt x 142.26378pt on input lin
e 1323.

Overfull \hbox (31.93832pt too wide) in paragraph at lines 1323--1324
 [][] 
 []


LaTeX Warning: `!h' float specifier changed to `!ht'.

[51 <./graphes/Paraview/section_pioncarre_R_15.png (PNG copy)> <./graphes/Parav
iew/section_pioncarre_R_20.png (PNG copy)>] [52 <./graphes/Paraview/section_pio
ncarre_R_10.png (PNG copy)> <./graphes/Paraview/section_pioncarre_R_8_maillage_
double.png (PNG copy)> <./graphes/Paraview/section_pioncarre_R_5.png (PNG copy)
> <./graphes/Paraview/section_pioncarre_R_2_double.png (PNG copy)> <./graphes/P
araview/section_pioncarre_R_01.png (PNG copy)>] [53 <./graphes/Paraview/section
_pioncarre_R_001_double.png (PNG copy)> <./graphes/Paraview/section_pioncarre_R
_005_double.png (PNG copy)> <./graphes/Paraview/section_pioncarre_R_0005_double
.png (PNG copy)>]
<graphes/Paraview/new_results/R_5_length_1000000.png, id=513, 1749.53625pt x 11
86.4325pt>
File: graphes/Paraview/new_results/R_5_length_1000000.png Graphic file (type pn
g)
<use graphes/Paraview/new_results/R_5_length_1000000.png>
Package pdftex.def Info: graphes/Paraview/new_results/R_5_length_1000000.png  u
sed on input line 1338. on input line 1338.
Package pdftex.def Info: Requested size: 209.77512pt x 142.26378pt on input lin
e 1338.
<graphes/Paraview/new_results/R_787.png, id=514, 1749.53625pt x 1186.4325pt>
File: graphes/Paraview/new_results/R_787.png Graphic file (type png)
<use graphes/Paraview/new_results/R_787.png>
Package pdftex.def Info: graphes/Paraview/new_results/R_787.png  used on input 
line 1345. on input line 1345.
Package pdftex.def Info: Requested size: 209.77512pt x 142.26378pt on input lin
e 1345.
 [54 <./graphes/Paraview/new_results/R_5_length_1000000.png (PNG copy)> <./grap
hes/Paraview/new_results/R_787.png (PNG copy)>]
Underfull \hbox (badness 10000) in paragraph at lines 1353--1356

 []


Underfull \hbox (badness 10000) in paragraph at lines 1357--1365

 []

[55]
Annexe A.
[56

] [57]
Annexe B.

Package hyperref Warning: Difference (2) between bookmark levels is greater 
(hyperref)                than one, level fixed on input line 1528.


Overfull \hbox (12.90134pt too wide) in paragraph at lines 1532--1532
[]\T1/lmtt/m/n/10.95 %=========================================================
================= 
 []


Overfull \hbox (12.90134pt too wide) in paragraph at lines 1534--1534
[]\T1/lmtt/m/n/10.95 %=========================================================
=================[] 
 []


Overfull \hbox (58.8912pt too wide) in paragraph at lines 1535--1535
[]\T1/lmtt/m/n/10.95 function [A, M, nn, ibint, ic2] = matrixP1final(vz,tz,fnum
,node1,edge1,node2,edge2)[] 
 []


Overfull \hbox (24.3988pt too wide) in paragraph at lines 1536--1536
[]\T1/lmtt/m/n/10.95 %-------------------------- initialisation ---------------
-------------------[] 
 []


Overfull \hbox (7.1526pt too wide) in paragraph at lines 1545--1545
[]\T1/lmtt/m/n/10.95 %-------------------------- boucle -----------------------
----------------[] 
 []


Overfull \hbox (81.88614pt too wide) in paragraph at lines 1547--1547
[]        \T1/lmtt/m/n/10.95 Tk = tz(k,1:3);    %on recupere les noeuds definis
ant le triangle k  [n1 n2 n3][] 
 []


Overfull \hbox (12.90134pt too wide) in paragraph at lines 1548--1548
[]\T1/lmtt/m/n/10.95 %---------------------------------------------------------
-----------------[] 
 []


Overfull \hbox (12.90134pt too wide) in paragraph at lines 1550--1550
[]\T1/lmtt/m/n/10.95 %---------------------------------------------------------
-----------------[] 
 []


Overfull \hbox (47.39374pt too wide) in paragraph at lines 1551--1551
[]    \T1/lmtt/m/n/10.95 if fnum(k) == 1      %on teste si le triangle est sur 
le maillage de l'aimant[] 
 []

[58

]
Overfull \hbox (18.65007pt too wide) in paragraph at lines 1554--1554
[]    \T1/lmtt/m/n/10.95 if (size(l(ismember(l,0))) == [1 1]) | (size(l(ismembe
r(l,0))) == [0 1])[] 
 []


Overfull \hbox (35.89627pt too wide) in paragraph at lines 1561--1561
[]             \T1/lmtt/m/n/10.95 NNb = Tk(z);    %on recupere les numeros des 
triangles sur le bord[] 
 []


Overfull \hbox (70.38867pt too wide) in paragraph at lines 1564--1564
[]            \T1/lmtt/m/n/10.95 n_normal = [Nb(2,2)-Nb(1,2); Nb(1,1)-Nb(2,1)];
  %vecteur normal a l'arete[] 
 []


Overfull \hbox (1.40387pt too wide) in paragraph at lines 1566--1566
[]             \T1/lmtt/m/n/10.95 if n_normal'*n_test < 0       %on teste si le
 vecteur normal[] 
 []


Overfull \hbox (12.90134pt too wide) in paragraph at lines 1571--1571
[]      \T1/lmtt/m/n/10.95 M_inter =  (1 / 2).*[0 ; 1]'*n_normal;%[0;1] corresp
ond au vecteur ey[] 
 []


Overfull \hbox (12.90134pt too wide) in paragraph at lines 1577--1577
[]\T1/lmtt/m/n/10.95 %---------------------------------------------------------
-----------------[] 
 []


Overfull \hbox (12.90134pt too wide) in paragraph at lines 1579--1579
[]\T1/lmtt/m/n/10.95 %---------------------------------------------------------
-----------------[] 
 []


Overfull \hbox (7.1526pt too wide) in paragraph at lines 1582--1582
[]    \T1/lmtt/m/n/10.95 indice=Tk'*ones(1,3);%3*3 chaque colonne [n1 n1 n1 ;n2
 n2 n2;n3 n3 n3][] 
 []


Overfull \hbox (47.39374pt too wide) in paragraph at lines 1584--1584
[]    \T1/lmtt/m/n/10.95 ligne(ind_ligne:ind_ligne+8) = indice(:); %on stocke s
ous la forme de colonne[] 
 []


Overfull \hbox (24.3988pt too wide) in paragraph at lines 1586--1586
[]    \T1/lmtt/m/n/10.95 colonne(ind_ligne:ind_ligne+8) = indice(:); %[n1;n1;n1
;n2;n2;n2;n3;n3;n3][] 
 []

[59]
Overfull \hbox (1.40387pt too wide) in paragraph at lines 1590--1590
[]    \T1/lmtt/m/n/10.95 terme_jacobien = (airek^2)/4 .* ([pk(3,2)-pk(2,1) pk(1
,1)-pk(3,1) ;..[] 
 []


Overfull \hbox (87.63487pt too wide) in paragraph at lines 1593--1593
[]    \T1/lmtt/m/n/10.95 A_inter(1,1) = (terme_jacobien.*grad_elem(:,1))'.* ter
me_jacobien .* grad_elem(:,1);[] 
 []


Overfull \hbox (87.63487pt too wide) in paragraph at lines 1594--1594
[]    \T1/lmtt/m/n/10.95 A_inter(2,2) = (terme_jacobien.*grad_elem(:,2))'.* ter
me_jacobien .* grad_elem(:,2);[] 
 []


Overfull \hbox (87.63487pt too wide) in paragraph at lines 1595--1595
[]    \T1/lmtt/m/n/10.95 A_inter(3,3) = (terme_jacobien.*grad_elem(:,3))'.* ter
me_jacobien .* grad_elem(:,3);[] 
 []


Overfull \hbox (87.63487pt too wide) in paragraph at lines 1596--1596
[]    \T1/lmtt/m/n/10.95 A_inter(1,2) = (terme_jacobien.*grad_elem(:,1))'.* ter
me_jacobien .* grad_elem(:,2);[] 
 []


Overfull \hbox (87.63487pt too wide) in paragraph at lines 1597--1597
[]    \T1/lmtt/m/n/10.95 A_inter(1,3) = (terme_jacobien.*grad_elem(:,1))'.* ter
me_jacobien .* grad_elem(:,3);[] 
 []


Overfull \hbox (87.63487pt too wide) in paragraph at lines 1598--1598
[]    \T1/lmtt/m/n/10.95 A_inter(2,3) = (terme_jacobien.*grad_elem(:,2))'.* ter
me_jacobien .* grad_elem(:,3);[] 
 []


Overfull \hbox (1.40387pt too wide) in paragraph at lines 1608--1608
[]        \T1/lmtt/m/n/10.95 A = sparse(ligne,colonne,A_val);   %on place les v
aleurs calcules[] 
 []


Overfull \hbox (47.39374pt too wide) in paragraph at lines 1610--1610
[]\T1/lmtt/m/n/10.95 %----------- On ne retient que les noeuds interieurs -----
-----------------------[] 
 []


Overfull \hbox (7.1526pt too wide) in paragraph at lines 1620--1620
[]\T1/lmtt/m/n/10.95 %=========================================================
================ 
 []


Overfull \hbox (7.1526pt too wide) in paragraph at lines 1622--1622
[]\T1/lmtt/m/n/10.95 %=========================================================
================[] 
 []

[60]
Overfull \hbox (53.14247pt too wide) in paragraph at lines 1628--1628
[]\T1/lmtt/m/n/10.95 %---------------- initialisation -------------------------
------------------------[] 
 []


Overfull \hbox (41.645pt too wide) in paragraph at lines 1639--1639
[]\T1/lmtt/m/n/10.95 %-------------------- boucle sur les triangles -----------
----------------------[] 
 []


Overfull \hbox (18.65007pt too wide) in paragraph at lines 1641--1641
[]\T1/lmtt/m/n/10.95 Tk = t(k,1:3);  %on recupere les noeuds definisant le tria
ngle k  [n1 n2 n3][] 
 []


Overfull \hbox (12.90134pt too wide) in paragraph at lines 1646--1646
[]    \T1/lmtt/m/n/10.95 indice=Tk'*ones(1,3); %3*3 chaque colonne [n1 n1 n1 ;n
2 n2 n2;n3 n3 n3][] 
 []


Overfull \hbox (35.89627pt too wide) in paragraph at lines 1647--1647
[]    \T1/lmtt/m/n/10.95 ligne(ind_ligne:ind_ligne+8)=indice(:); %on stocke sou
s la forme de colonne[] 
 []


Overfull \hbox (18.65007pt too wide) in paragraph at lines 1649--1649
[]    \T1/lmtt/m/n/10.95 colonne(ind_ligne:ind_ligne+8)=indice(:);  %[n1;n1;n1;
n2;n2;n2;n3;n3;n3][] 
 []

[61]
Overfull \hbox (93.3836pt too wide) in paragraph at lines 1669--1669
[]\T1/lmtt/m/n/10.95 C_x1 = sparse(ligne,colonne,C_val_x1);     %on place les v
aleurs avec les nums des noeuds[] 
 []


Overfull \hbox (47.39374pt too wide) in paragraph at lines 1672--1672
[]\T1/lmtt/m/n/10.95 %------------------------  Resolution du systeme lineaire-
-----------------------[] 
 []


Overfull \hbox (18.65007pt too wide) in paragraph at lines 1680--1680
[]\T1/lmtt/m/n/10.95 %=========================================================
================== 
 []


Overfull \hbox (18.65007pt too wide) in paragraph at lines 1682--1682
[]\T1/lmtt/m/n/10.95 %=========================================================
==================[] 
 []


Overfull \hbox (64.63994pt too wide) in paragraph at lines 1690--1690
[]\T1/lmtt/m/n/10.95 edge1 = [(1:size(node1,1))',[(2:size(node1,1))'; 1]];  %li
ste des arètes intérieures[] 
 []


Overfull \hbox (64.63994pt too wide) in paragraph at lines 1691--1691
[]\T1/lmtt/m/n/10.95 edge2 = [1,2; 2,3; 3,4; 4,1];                          %li
ste des arètes extérieures[] 
 []


Overfull \hbox (70.38867pt too wide) in paragraph at lines 1692--1692
[]\T1/lmtt/m/n/10.95 edge = [edge1; edge2+size(node1,1)];   %liste de toutes le
s arètes mises dans l'ordre[] 
 []


Overfull \hbox (58.8912pt too wide) in paragraph at lines 1693--1693
[]\T1/lmtt/m/n/10.95 node = [node1; node2];                 %liste de tous les 
noeuds mises dans l'ordre[] 
 []

[62]
Overfull \hbox (1.40387pt too wide) in paragraph at lines 1702--1702
[]\T1/lmtt/m/n/10.95 [A, M, nn, ibint, ic2] = matrixP1final(v,t,fnum,node1,edge
1,node2,edge2);[] 
 []


Overfull \hbox (12.90134pt too wide) in paragraph at lines 1721--1721
[]\T1/lmtt/m/n/10.95 %=========================================================
================% 
 []


Overfull \hbox (12.90134pt too wide) in paragraph at lines 1723--1723
[]\T1/lmtt/m/n/10.95 %=========================================================
================%[] 
 []


Overfull \hbox (12.90134pt too wide) in paragraph at lines 1724--1724
[]\T1/lmtt/m/n/10.95 %--------------- initialisation --------------------------
-----------------[] 
 []


Overfull \hbox (12.90134pt too wide) in paragraph at lines 1728--1728
[]\T1/lmtt/m/n/10.95 %------- resolution dans la configuration aimant centre --
-----------------[] 
 []


Overfull \hbox (30.14754pt too wide) in paragraph at lines 1729--1729
[]\T1/lmtt/m/n/10.95 [X2,Y2,Z2,Uxgd_centre,Uygd_centre,Uzgd_centre,Pgd_centre] 
= stokes_3D(true,R);[] 
 []


Overfull \hbox (12.90134pt too wide) in paragraph at lines 1732--1732
[]\T1/lmtt/m/n/10.95 %----------- resolution dans la configuration aimant de co
te --------------[] 
 []


Overfull \hbox (7.1526pt too wide) in paragraph at lines 1735--1735
[]\T1/lmtt/m/n/10.95 %----- transposition du champ de vitesse et somme --------
----------------[] 
 []

[63]
Overfull \hbox (12.90134pt too wide) in paragraph at lines 1746--1746
[]\T1/lmtt/m/n/10.95 %=========================================================
================% 
 []


Overfull \hbox (12.90134pt too wide) in paragraph at lines 1749--1749
[]\T1/lmtt/m/n/10.95 %=========================================================
================%[] 
 []


Overfull \hbox (12.90134pt too wide) in paragraph at lines 1752--1752
[]\T1/lmtt/m/n/10.95 %-------------- initialisation ---------------------------
-----------------[] 
 []

LaTeX Font Info:    Try loading font information for OMS+lmtt on input line 175
7.
LaTeX Font Info:    No file OMSlmtt.fd. on input line 1757.

LaTeX Font Warning: Font shape `OMS/lmtt/m/n' undefined
(Font)              using `OMS/cmsy/m/n' instead on input line 1757.


Overfull \hbox (12.90134pt too wide) in paragraph at lines 1762--1762
[]\T1/lmtt/m/n/10.95 %----------- generation mailleur 3D ----------------------
-----------------[] 
 []


Overfull \hbox (18.65007pt too wide) in paragraph at lines 1766--1766
[]\T1/lmtt/m/n/10.95 ind_bd=find(v(:,1)==0|v(:,1)==Lx|v(:,2)==0|v(:,2)==Ly|v(:,
3)==0|v(:,3)==Lz);[] 
 []


Overfull \hbox (12.90134pt too wide) in paragraph at lines 1768--1768
[]\T1/lmtt/m/n/10.95 %---------------------------------------------------------
-----------------[] 
 []


Overfull \hbox (12.90134pt too wide) in paragraph at lines 1773--1773
[]\T1/lmtt/m/n/10.95 %---------------------------------------------------------
-----------------[] 
 []

[64]
Overfull \hbox (12.90134pt too wide) in paragraph at lines 1790--1790
[]\T1/lmtt/m/n/10.95 % Traitement de la pression a moyenne nulle par multiplica
teur de Lagrange.[] 
 []

[65]
Overfull \hbox (24.3988pt too wide) in paragraph at lines 1812--1812
[]\T1/lmtt/m/n/10.95 [X2,Y2,Z2,Uxgd,Uygd,Uzgd,Pgd] = gridformat(Lx,Ly,Lz,Nx,Ny,
Nz,v,Ux,Uy,Uz,Pr2);[] 
 []


Overfull \hbox (12.90134pt too wide) in paragraph at lines 1817--1817
[]\T1/lmtt/m/n/10.95 %=========================================================
================= 
 []


Overfull \hbox (12.90134pt too wide) in paragraph at lines 1820--1820
[]\T1/lmtt/m/n/10.95 %=========================================================
=================[] 
 []


Overfull \hbox (12.90134pt too wide) in paragraph at lines 1826--1826
[]\T1/lmtt/m/n/10.95 %--------- extraction d'une couche 2d et triangulation ---
-----------------[] 
 []


Overfull \hbox (47.39374pt too wide) in paragraph at lines 1830--1830
[]\T1/lmtt/m/n/10.95 tz = delaunay(xz,yz);              % triangulation de Dela
unay des points du plan[] 
 []


Overfull \hbox (18.65007pt too wide) in paragraph at lines 1836--1836
[]\T1/lmtt/m/n/10.95 %-------------------- coordonnées des differents maillage 
------------------[] 
 []


Overfull \hbox (12.90134pt too wide) in paragraph at lines 1839--1839
[]\T1/lmtt/m/n/10.95 %---------- configuration aimant -------------------------
-----------------[] 
 []

[66]
Overfull \hbox (24.3988pt too wide) in paragraph at lines 1850--1850
[]\T1/lmtt/m/n/10.95 %-------- generation maillage total de resolution du probl
eme 2D ------------[] 
 []


Overfull \hbox (7.1526pt too wide) in paragraph at lines 1862--1862
[]\T1/lmtt/m/n/10.95 %---------- calcul du champ magnétique sur la couche z=0 -
----------------[] 
 []


Overfull \hbox (7.1526pt too wide) in paragraph at lines 1866--1866
[]\T1/lmtt/m/n/10.95 %----------  placement du second menbre dans le maillage 3
D --------------[] 
 []


Overfull \hbox (18.65007pt too wide) in paragraph at lines 1867--1867
[]\T1/lmtt/m/n/10.95 %----------------- ne marche pas  ------------------------
------------------[] 
 []


Overfull \hbox (12.90134pt too wide) in paragraph at lines 1868--1868
[]\T1/lmtt/m/n/10.95 %   l'idee est de recuperer les coordonnees au-dessus de c
haque noeuds pour[] 
 []


Overfull \hbox (24.3988pt too wide) in paragraph at lines 1871--1871
[]\T1/lmtt/m/n/10.95 %     iz = find(abs((v(:,1) - vz(k,1)))<0.01 & abs((v(:,2)
 - vz(k,2)))<0.01);[] 
 []


Overfull \hbox (7.1526pt too wide) in paragraph at lines 1877--1877
[]\T1/lmtt/m/n/10.95 %--------------------- test table de connectivite --------
----------------[] 
 []


Overfull \hbox (7.1526pt too wide) in paragraph at lines 1880--1880
[]\T1/lmtt/m/n/10.95 %     a = (fz(t(ti,1))==fz(t(ti,13))) && (fz(t(ti,1))==fz(
t(ti,5))) && ...[] 
 []


Overfull \hbox (12.90134pt too wide) in paragraph at lines 1881--1881
[]\T1/lmtt/m/n/10.95 %         (fz(t(ti,3))==fz(t(ti,15))) && (fz(t(ti,3))==fz(
t(ti,7))) && ....[] 
 []

[67]
Overfull \hbox (12.90134pt too wide) in paragraph at lines 1882--1882
[]\T1/lmtt/m/n/10.95 %         (fz(t(ti,9))==fz(t(ti,22))) && (fz(t(ti,9))==fz(
t(ti,17))) && ...[] 
 []


Overfull \hbox (1.40387pt too wide) in paragraph at lines 1888--1888
[]\T1/lmtt/m/n/10.95 %   les test montre que les valeur ne suivent pas les tabl
es connectivite[] 
 []


Overfull \hbox (12.90134pt too wide) in paragraph at lines 1889--1889
[]\T1/lmtt/m/n/10.95 %----------- placement des valuers de f0 dans une matrice 
3D --------------[] 
 []


Overfull \hbox (12.90134pt too wide) in paragraph at lines 1903--1903
[]\T1/lmtt/m/n/10.95 % comme la valeur selon z est l seule non-nulle on ne touc
he pas aux autres[] 
 []


Overfull \hbox (12.90134pt too wide) in paragraph at lines 1908--1908
[]\T1/lmtt/m/n/10.95 %---constitution de fz a partir de fzgd en respectant la s
tructure de v --%[] 
 []


Overfull \hbox (1.40387pt too wide) in paragraph at lines 1915--1915
[]\T1/lmtt/m/n/10.95 %--------- mise ne forme matrice 3D pour affichage avec qu
iver ----------[] 
 []

[68]
Overfull \hbox (35.89627pt too wide) in paragraph at lines 1929--1929
[]\T1/lmtt/m/n/10.95 %=========================================================
===================== 
 []


Overfull \hbox (35.89627pt too wide) in paragraph at lines 1933--1933
[]\T1/lmtt/m/n/10.95 %=========================================================
=====================[] 
 []


Overfull \hbox (30.14754pt too wide) in paragraph at lines 1934--1934
[]\T1/lmtt/m/n/10.95 function [B_cuve_X, B_cuve_Y] = champ_magnetique_fct_Tancr
ede_1(v_total_2D,...[] 
 []


Overfull \hbox (24.3988pt too wide) in paragraph at lines 1935--1935
[]\T1/lmtt/m/n/10.95 t_total_2D,node_aimant,edge_aimant,node_ensemble,edge_ense
mble,aimant_centre)[] 
 []


Overfull \hbox (35.89627pt too wide) in paragraph at lines 1936--1936
[]\T1/lmtt/m/n/10.95 %--------- définition de fnum pour situer pour chaque tria
ngle du maillage ----[] 
 []


Overfull \hbox (116.37854pt too wide) in paragraph at lines 1940--1940
[]\T1/lmtt/m/n/10.95 fnum = 3 * ones(size(t_total_2D,1),1); %fnum a 3 de base a
pres on cherche la cuve et l'aimant[] 
 []


Overfull \hbox (18.65007pt too wide) in paragraph at lines 1942--1942
[]    \T1/lmtt/m/n/10.95 int_aimant = find(v_total_2D(:,1) >= 4.75 & v_total_2D
(:,1) <= 5.25 &...[] 
 []


Overfull \hbox (7.1526pt too wide) in paragraph at lines 1946--1946
[]    \T1/lmtt/m/n/10.95 int_aimant = find(v_total_2D(:,1) >= 5.1 & v_total_2D(
:,1) <= 5.6 &...[] 
 []


Overfull \hbox (70.38867pt too wide) in paragraph at lines 1952--1952
[]\T1/lmtt/m/n/10.95 if ismember(t_total_2D(k,1),int_aimant) && ismember(t_tota
l_2D(k,2),int_aimant) &&...[] 
 []

[69]
Overfull \hbox (70.38867pt too wide) in paragraph at lines 1956--1956
[]    \T1/lmtt/m/n/10.95 if ismember(t_total_2D(k,1),int_cuve) && ismember(t_to
tal_2D(k,2),int_cuve) &&...[] 
 []


Overfull \hbox (156.61967pt too wide) in paragraph at lines 1961--1961
[]\T1/lmtt/m/n/10.95 %---------------------------- Calcul des matrices --------
------------------------------------------[] 
 []


Overfull \hbox (162.36841pt too wide) in paragraph at lines 1964--1964
[]\T1/lmtt/m/n/10.95 %------------------------- récupération de la solution sur
 la cuve ----------------------------------[] 
 []


Overfull \hbox (12.90134pt too wide) in paragraph at lines 1986--1986
[]\T1/lmtt/m/n/10.95 %=========================================================
================= 
 []


Overfull \hbox (12.90134pt too wide) in paragraph at lines 1989--1989
[]\T1/lmtt/m/n/10.95 %=========================================================
=================[] 
 []


Overfull \hbox (12.90134pt too wide) in paragraph at lines 1991--1991
[]\T1/lmtt/m/n/10.95 % prend en argument les champs sous forme de matrice de ta
ille Nx * Ny * Nz[] 
 []


Overfull \hbox (12.90134pt too wide) in paragraph at lines 1992--1992
[]\T1/lmtt/m/n/10.95 %------------------------ initialisation -----------------
-----------------[] 
 []

[70]
Overfull \hbox (12.90134pt too wide) in paragraph at lines 1996--1996
[]\T1/lmtt/m/n/10.95 %------------ pour Uz ------------------------------------
-----------------[] 
 []


Overfull \hbox (12.90134pt too wide) in paragraph at lines 2002--2002
[]\T1/lmtt/m/n/10.95 %------------ pour Ux ------------------------------------
-----------------[] 
 []


Overfull \hbox (12.90134pt too wide) in paragraph at lines 2008--2008
[]\T1/lmtt/m/n/10.95 %------------ pour Uy ------------------------------------
-----------------[] 
 []

[71]
Underfull \hbox (badness 10000) in paragraph at lines 2127--2128

 []


Overfull \hbox (4.3615pt too wide) in paragraph at lines 2134--2140
\T1/lmr/bx/n/12 Pi-casso, pu-blié par les Presses po-ly-tech-niques et uni-ver-
si-taires ro-mandes. 
 []


Underfull \hbox (badness 10000) in paragraph at lines 2134--2140

 []

Package atveryend Info: Empty hook `BeforeClearDocument' on input line 2153.

Underfull \hbox (badness 10000) in paragraph at lines 2141--2153

 []


Overfull \hbox (15.15404pt too wide) in paragraph at lines 2141--2153
\T1/lmr/bx/it/12 Analyse nu-mé-rique des équa-tions de Navier-Stokes\T1/lmr/bx/
n/12 , Jean-François Scheid,
 []


Underfull \hbox (badness 10000) in paragraph at lines 2141--2153

 []

[72]
Package atveryend Info: Empty hook `AfterLastShipout' on input line 2153.
 ("Rapport _projet-2A.aux")
Package atveryend Info: Executing hook `AtVeryEndDocument' on input line 2153.
Package atveryend Info: Executing hook `AtEndAfterFileList' on input line 2153.

Package rerunfilecheck Info: File `"Rapport _projet-2A".out' has not changed.
(rerunfilecheck)             Checksum: 43F4EA9C630ABD22342C935AF0C88FC6;2447.


LaTeX Font Warning: Some font shapes were not available, defaults substituted.


LaTeX Warning: There were multiply-defined labels.

Package atveryend Info: Empty hook `AtVeryVeryEnd' on input line 2153.
 ) 
Here is how much of TeX's memory you used:
 9992 strings out of 493312
 151993 string characters out of 3138898
 244539 words of memory out of 3000000
 13164 multiletter control sequences out of 15000+200000
 78454 words of font info for 56 fonts, out of 3000000 for 9000
 1141 hyphenation exceptions out of 8191
 42i,15n,40p,801b,674s stack positions out of 5000i,500n,10000p,200000b,50000s
{C:/Program Files/MiKTeX 2.9/fonts/enc/dvips/lm/lm-ec.enc}{C:/Program Files/M
iKTeX 2.9/fonts/enc/dvips/lm/lm-rm.enc}{C:/Program Files/MiKTeX 2.9/fonts/enc/d
vips/lm/lm-mathsy.enc}{C:/Program Files/MiKTeX 2.9/fonts/enc/dvips/lm/lm-mathit
.enc}{C:/Program Files/MiKTeX 2.9/fonts/enc/dvips/lm/lm-mathex.enc}<C:/Program 
Files/MiKTeX 2.9/fonts/type1/public/amsfonts/cm/cmsy10.pfb><C:/Program Files/Mi
KTeX 2.9/fonts/type1/public/lm/lmbx12.pfb><C:/Program Files/MiKTeX 2.9/fonts/ty
pe1/public/lm/lmbxi10.pfb><C:/Program Files/MiKTeX 2.9/fonts/type1/public/lm/lm
csc10.pfb><C:/Program Files/MiKTeX 2.9/fonts/type1/public/lm/lmex10.pfb><C:/Pro
gram Files/MiKTeX 2.9/fonts/type1/public/lm/lmmi12.pfb><C:/Program Files/MiKTeX
 2.9/fonts/type1/public/lm/lmmi6.pfb><C:/Program Files/MiKTeX 2.9/fonts/type1/p
ublic/lm/lmmi8.pfb><C:/Program Files/MiKTeX 2.9/fonts/type1/public/lm/lmr10.pfb
><C:/Program Files/MiKTeX 2.9/fonts/type1/public/lm/lmr12.pfb><C:/Program Files
/MiKTeX 2.9/fonts/type1/public/lm/lmr6.pfb><C:/Program Files/MiKTeX 2.9/fonts/t
ype1/public/lm/lmr8.pfb><C:/Program Files/MiKTeX 2.9/fonts/type1/public/lm/lmri
12.pfb><C:/Program Files/MiKTeX 2.9/fonts/type1/public/lm/lmsy10.pfb><C:/Progra
m Files/MiKTeX 2.9/fonts/type1/public/lm/lmsy8.pfb><C:/Program Files/MiKTeX 2.9
/fonts/type1/public/lm/lmtt10.pfb><C:/Program Files/MiKTeX 2.9/fonts/type1/publ
ic/lm/lmtt12.pfb><C:/Program Files/MiKTeX 2.9/fonts/type1/public/amsfonts/symbo
ls/msbm10.pfb>
Output written on "Rapport _projet-2A.pdf" (73 pages, 24349883 bytes).
PDF statistics:
 701 PDF objects out of 1000 (max. 8388607)
 147 named destinations out of 1000 (max. 500000)
 473 words of extra memory for PDF output out of 10000 (max. 10000000)

